{"/Users/ryanmartinez/Desktop/CS506/portal/client/src/App.js": {"path":"/Users/ryanmartinez/Desktop/CS506/portal/client/src/App.js","statementMap":{"0":{"start":{"line":31,"column":15},"end":{"line":31,"column":17}},"1":{"start":{"line":32,"column":2},"end":{"line":39,"column":7}},"2":{"start":{"line":38,"column":6},"end":{"line":38,"column":19}},"3":{"start":{"line":40,"column":2},"end":{"line":40,"column":16}},"4":{"start":{"line":44,"column":34},"end":{"line":44,"column":48}},"5":{"start":{"line":45,"column":28},"end":{"line":45,"column":42}},"6":{"start":{"line":46,"column":34},"end":{"line":50,"column":4}},"7":{"start":{"line":52,"column":28},"end":{"line":52,"column":43}},"8":{"start":{"line":53,"column":42},"end":{"line":53,"column":57}},"9":{"start":{"line":55,"column":30},"end":{"line":58,"column":4}},"10":{"start":{"line":61,"column":34},"end":{"line":65,"column":4}},"11":{"start":{"line":68,"column":23},"end":{"line":73,"column":6}},"12":{"start":{"line":69,"column":4},"end":{"line":73,"column":6}},"13":{"start":{"line":75,"column":24},"end":{"line":81,"column":3}},"14":{"start":{"line":76,"column":4},"end":{"line":80,"column":7}},"15":{"start":{"line":83,"column":2},"end":{"line":131,"column":38}},"16":{"start":{"line":85,"column":6},"end":{"line":107,"column":7}},"17":{"start":{"line":86,"column":21},"end":{"line":86,"column":36}},"18":{"start":{"line":87,"column":25},"end":{"line":87,"column":53}},"19":{"start":{"line":88,"column":26},"end":{"line":88,"column":52}},"20":{"start":{"line":89,"column":32},"end":{"line":89,"column":68}},"21":{"start":{"line":90,"column":25},"end":{"line":93,"column":9}},"22":{"start":{"line":94,"column":19},"end":{"line":98,"column":9}},"23":{"start":{"line":99,"column":8},"end":{"line":99,"column":26}},"24":{"start":{"line":100,"column":8},"end":{"line":100,"column":26}},"25":{"start":{"line":101,"column":8},"end":{"line":101,"column":23}},"26":{"start":{"line":102,"column":8},"end":{"line":102,"column":20}},"27":{"start":{"line":104,"column":8},"end":{"line":104,"column":27}},"28":{"start":{"line":105,"column":8},"end":{"line":105,"column":24}},"29":{"start":{"line":106,"column":8},"end":{"line":106,"column":29}},"30":{"start":{"line":110,"column":4},"end":{"line":130,"column":7}},"31":{"start":{"line":111,"column":6},"end":{"line":117,"column":8}},"32":{"start":{"line":112,"column":8},"end":{"line":116,"column":9}},"33":{"start":{"line":113,"column":10},"end":{"line":113,"column":25}},"34":{"start":{"line":114,"column":15},"end":{"line":116,"column":9}},"35":{"start":{"line":115,"column":10},"end":{"line":115,"column":32}},"36":{"start":{"line":118,"column":6},"end":{"line":129,"column":13}},"37":{"start":{"line":119,"column":8},"end":{"line":128,"column":9}},"38":{"start":{"line":120,"column":21},"end":{"line":120,"column":54}},"39":{"start":{"line":121,"column":10},"end":{"line":125,"column":11}},"40":{"start":{"line":122,"column":12},"end":{"line":122,"column":31}},"41":{"start":{"line":123,"column":17},"end":{"line":125,"column":11}},"42":{"start":{"line":124,"column":12},"end":{"line":124,"column":30}},"43":{"start":{"line":133,"column":14},"end":{"line":136,"column":3}},"44":{"start":{"line":134,"column":4},"end":{"line":134,"column":34}},"45":{"start":{"line":135,"column":4},"end":{"line":135,"column":42}},"46":{"start":{"line":138,"column":42},"end":{"line":138,"column":56}},"47":{"start":{"line":140,"column":22},"end":{"line":142,"column":3}},"48":{"start":{"line":141,"column":4},"end":{"line":141,"column":35}},"49":{"start":{"line":144,"column":2},"end":{"line":229,"column":3}},"50":{"start":{"line":145,"column":4},"end":{"line":228,"column":6}},"51":{"start":{"line":154,"column":43},"end":{"line":154,"column":56}},"52":{"start":{"line":161,"column":22},"end":{"line":167,"column":24}},"53":{"start":{"line":165,"column":26},"end":{"line":165,"column":75}},"54":{"start":{"line":175,"column":22},"end":{"line":182,"column":24}},"55":{"start":{"line":180,"column":26},"end":{"line":180,"column":80}},"56":{"start":{"line":196,"column":24},"end":{"line":196,"column":74}},"57":{"start":{"line":207,"column":24},"end":{"line":207,"column":79}},"58":{"start":{"line":220,"column":31},"end":{"line":220,"column":72}},"59":{"start":{"line":230,"column":2},"end":{"line":272,"column":3}},"60":{"start":{"line":231,"column":4},"end":{"line":271,"column":6}},"61":{"start":{"line":239,"column":41},"end":{"line":239,"column":54}},"62":{"start":{"line":247,"column":20},"end":{"line":247,"column":75}},"63":{"start":{"line":255,"column":20},"end":{"line":260,"column":22}},"64":{"start":{"line":273,"column":2},"end":{"line":292,"column":4}},"65":{"start":{"line":281,"column":39},"end":{"line":281,"column":52}}},"fnMap":{"0":{"name":"docCheck","decl":{"start":{"line":30,"column":15},"end":{"line":30,"column":23}},"loc":{"start":{"line":30,"column":34},"end":{"line":41,"column":1}},"line":30},"1":{"name":"(anonymous_1)","decl":{"start":{"line":37,"column":10},"end":{"line":37,"column":11}},"loc":{"start":{"line":37,"column":17},"end":{"line":39,"column":5}},"line":37},"2":{"name":"App","decl":{"start":{"line":43,"column":9},"end":{"line":43,"column":12}},"loc":{"start":{"line":43,"column":15},"end":{"line":293,"column":1}},"line":43},"3":{"name":"(anonymous_3)","decl":{"start":{"line":68,"column":23},"end":{"line":68,"column":24}},"loc":{"start":{"line":69,"column":4},"end":{"line":73,"column":6}},"line":69},"4":{"name":"(anonymous_4)","decl":{"start":{"line":75,"column":24},"end":{"line":75,"column":25}},"loc":{"start":{"line":75,"column":50},"end":{"line":81,"column":3}},"line":75},"5":{"name":"(anonymous_5)","decl":{"start":{"line":83,"column":12},"end":{"line":83,"column":13}},"loc":{"start":{"line":83,"column":18},"end":{"line":131,"column":3}},"line":83},"6":{"name":"connectMetamask","decl":{"start":{"line":84,"column":19},"end":{"line":84,"column":34}},"loc":{"start":{"line":84,"column":37},"end":{"line":108,"column":5}},"line":84},"7":{"name":"(anonymous_7)","decl":{"start":{"line":110,"column":27},"end":{"line":110,"column":28}},"loc":{"start":{"line":110,"column":37},"end":{"line":130,"column":5}},"line":110},"8":{"name":"(anonymous_8)","decl":{"start":{"line":111,"column":26},"end":{"line":111,"column":27}},"loc":{"start":{"line":111,"column":35},"end":{"line":117,"column":7}},"line":111},"9":{"name":"(anonymous_9)","decl":{"start":{"line":118,"column":18},"end":{"line":118,"column":19}},"loc":{"start":{"line":118,"column":30},"end":{"line":129,"column":7}},"line":118},"10":{"name":"(anonymous_10)","decl":{"start":{"line":133,"column":14},"end":{"line":133,"column":15}},"loc":{"start":{"line":133,"column":20},"end":{"line":136,"column":3}},"line":133},"11":{"name":"(anonymous_11)","decl":{"start":{"line":140,"column":22},"end":{"line":140,"column":23}},"loc":{"start":{"line":140,"column":28},"end":{"line":142,"column":3}},"line":140},"12":{"name":"(anonymous_12)","decl":{"start":{"line":154,"column":37},"end":{"line":154,"column":38}},"loc":{"start":{"line":154,"column":43},"end":{"line":154,"column":56}},"line":154},"13":{"name":"(anonymous_13)","decl":{"start":{"line":160,"column":28},"end":{"line":160,"column":29}},"loc":{"start":{"line":161,"column":22},"end":{"line":167,"column":24}},"line":161},"14":{"name":"(anonymous_14)","decl":{"start":{"line":164,"column":43},"end":{"line":164,"column":44}},"loc":{"start":{"line":165,"column":26},"end":{"line":165,"column":75}},"line":165},"15":{"name":"(anonymous_15)","decl":{"start":{"line":174,"column":28},"end":{"line":174,"column":29}},"loc":{"start":{"line":175,"column":22},"end":{"line":182,"column":24}},"line":175},"16":{"name":"(anonymous_16)","decl":{"start":{"line":179,"column":48},"end":{"line":179,"column":49}},"loc":{"start":{"line":180,"column":26},"end":{"line":180,"column":80}},"line":180},"17":{"name":"(anonymous_17)","decl":{"start":{"line":195,"column":31},"end":{"line":195,"column":32}},"loc":{"start":{"line":196,"column":24},"end":{"line":196,"column":74}},"line":196},"18":{"name":"(anonymous_18)","decl":{"start":{"line":206,"column":31},"end":{"line":206,"column":32}},"loc":{"start":{"line":207,"column":24},"end":{"line":207,"column":79}},"line":207},"19":{"name":"(anonymous_19)","decl":{"start":{"line":220,"column":25},"end":{"line":220,"column":26}},"loc":{"start":{"line":220,"column":31},"end":{"line":220,"column":72}},"line":220},"20":{"name":"(anonymous_20)","decl":{"start":{"line":239,"column":35},"end":{"line":239,"column":36}},"loc":{"start":{"line":239,"column":41},"end":{"line":239,"column":54}},"line":239},"21":{"name":"(anonymous_21)","decl":{"start":{"line":246,"column":26},"end":{"line":246,"column":27}},"loc":{"start":{"line":247,"column":20},"end":{"line":247,"column":75}},"line":247},"22":{"name":"(anonymous_22)","decl":{"start":{"line":254,"column":26},"end":{"line":254,"column":27}},"loc":{"start":{"line":255,"column":20},"end":{"line":260,"column":22}},"line":255},"23":{"name":"(anonymous_23)","decl":{"start":{"line":281,"column":33},"end":{"line":281,"column":34}},"loc":{"start":{"line":281,"column":39},"end":{"line":281,"column":52}},"line":281}},"branchMap":{"0":{"loc":{"start":{"line":68,"column":33},"end":{"line":68,"column":53}},"type":"default-arg","locations":[{"start":{"line":68,"column":52},"end":{"line":68,"column":53}}],"line":68},"1":{"loc":{"start":{"line":75,"column":25},"end":{"line":75,"column":45}},"type":"default-arg","locations":[{"start":{"line":75,"column":40},"end":{"line":75,"column":45}}],"line":75},"2":{"loc":{"start":{"line":78,"column":15},"end":{"line":78,"column":51}},"type":"cond-expr","locations":[{"start":{"line":78,"column":30},"end":{"line":78,"column":32}},{"start":{"line":78,"column":35},"end":{"line":78,"column":51}}],"line":78},"3":{"loc":{"start":{"line":92,"column":10},"end":{"line":92,"column":52}},"type":"binary-expr","locations":[{"start":{"line":92,"column":10},"end":{"line":92,"column":25}},{"start":{"line":92,"column":29},"end":{"line":92,"column":52}}],"line":92},"4":{"loc":{"start":{"line":112,"column":8},"end":{"line":116,"column":9}},"type":"if","locations":[{"start":{"line":112,"column":8},"end":{"line":116,"column":9}},{"start":{"line":112,"column":8},"end":{"line":116,"column":9}}],"line":112},"5":{"loc":{"start":{"line":114,"column":15},"end":{"line":116,"column":9}},"type":"if","locations":[{"start":{"line":114,"column":15},"end":{"line":116,"column":9}},{"start":{"line":114,"column":15},"end":{"line":116,"column":9}}],"line":114},"6":{"loc":{"start":{"line":121,"column":10},"end":{"line":125,"column":11}},"type":"if","locations":[{"start":{"line":121,"column":10},"end":{"line":125,"column":11}},{"start":{"line":121,"column":10},"end":{"line":125,"column":11}}],"line":121},"7":{"loc":{"start":{"line":123,"column":17},"end":{"line":125,"column":11}},"type":"if","locations":[{"start":{"line":123,"column":17},"end":{"line":125,"column":11}},{"start":{"line":123,"column":17},"end":{"line":125,"column":11}}],"line":123},"8":{"loc":{"start":{"line":144,"column":2},"end":{"line":229,"column":3}},"type":"if","locations":[{"start":{"line":144,"column":2},"end":{"line":229,"column":3}},{"start":{"line":144,"column":2},"end":{"line":229,"column":3}}],"line":144},"9":{"loc":{"start":{"line":147,"column":30},"end":{"line":147,"column":67}},"type":"cond-expr","locations":[{"start":{"line":147,"column":45},"end":{"line":147,"column":55}},{"start":{"line":147,"column":58},"end":{"line":147,"column":67}}],"line":147},"10":{"loc":{"start":{"line":149,"column":11},"end":{"line":225,"column":11}},"type":"cond-expr","locations":[{"start":{"line":150,"column":12},"end":{"line":222,"column":15}},{"start":{"line":224,"column":12},"end":{"line":224,"column":23}}],"line":149},"11":{"loc":{"start":{"line":153,"column":25},"end":{"line":153,"column":62}},"type":"cond-expr","locations":[{"start":{"line":153,"column":40},"end":{"line":153,"column":50}},{"start":{"line":153,"column":53},"end":{"line":153,"column":62}}],"line":153},"12":{"loc":{"start":{"line":230,"column":2},"end":{"line":272,"column":3}},"type":"if","locations":[{"start":{"line":230,"column":2},"end":{"line":272,"column":3}},{"start":{"line":230,"column":2},"end":{"line":272,"column":3}}],"line":230},"13":{"loc":{"start":{"line":233,"column":30},"end":{"line":233,"column":67}},"type":"cond-expr","locations":[{"start":{"line":233,"column":45},"end":{"line":233,"column":55}},{"start":{"line":233,"column":58},"end":{"line":233,"column":67}}],"line":233},"14":{"loc":{"start":{"line":235,"column":11},"end":{"line":268,"column":11}},"type":"cond-expr","locations":[{"start":{"line":236,"column":12},"end":{"line":265,"column":21}},{"start":{"line":267,"column":12},"end":{"line":267,"column":23}}],"line":235},"15":{"loc":{"start":{"line":238,"column":23},"end":{"line":238,"column":60}},"type":"cond-expr","locations":[{"start":{"line":238,"column":38},"end":{"line":238,"column":48}},{"start":{"line":238,"column":51},"end":{"line":238,"column":60}}],"line":238},"16":{"loc":{"start":{"line":275,"column":28},"end":{"line":275,"column":65}},"type":"cond-expr","locations":[{"start":{"line":275,"column":43},"end":{"line":275,"column":53}},{"start":{"line":275,"column":56},"end":{"line":275,"column":65}}],"line":275},"17":{"loc":{"start":{"line":277,"column":9},"end":{"line":289,"column":9}},"type":"cond-expr","locations":[{"start":{"line":278,"column":10},"end":{"line":286,"column":19}},{"start":{"line":288,"column":10},"end":{"line":288,"column":21}}],"line":277},"18":{"loc":{"start":{"line":280,"column":21},"end":{"line":280,"column":58}},"type":"cond-expr","locations":[{"start":{"line":280,"column":36},"end":{"line":280,"column":46}},{"start":{"line":280,"column":49},"end":{"line":280,"column":58}}],"line":280}},"s":{"0":0,"1":0,"2":0,"3":0,"4":0,"5":0,"6":0,"7":0,"8":0,"9":0,"10":0,"11":0,"12":0,"13":0,"14":0,"15":0,"16":0,"17":0,"18":0,"19":0,"20":0,"21":0,"22":0,"23":0,"24":0,"25":0,"26":0,"27":0,"28":0,"29":0,"30":0,"31":0,"32":0,"33":0,"34":0,"35":0,"36":0,"37":0,"38":0,"39":0,"40":0,"41":0,"42":0,"43":0,"44":0,"45":0,"46":0,"47":0,"48":0,"49":0,"50":0,"51":0,"52":0,"53":0,"54":0,"55":0,"56":0,"57":0,"58":0,"59":0,"60":0,"61":0,"62":0,"63":0,"64":0,"65":0},"f":{"0":0,"1":0,"2":0,"3":0,"4":0,"5":0,"6":0,"7":0,"8":0,"9":0,"10":0,"11":0,"12":0,"13":0,"14":0,"15":0,"16":0,"17":0,"18":0,"19":0,"20":0,"21":0,"22":0,"23":0},"b":{"0":[0],"1":[0],"2":[0,0],"3":[0,0],"4":[0,0],"5":[0,0],"6":[0,0],"7":[0,0],"8":[0,0],"9":[0,0],"10":[0,0],"11":[0,0],"12":[0,0],"13":[0,0],"14":[0,0],"15":[0,0],"16":[0,0],"17":[0,0],"18":[0,0]},"hash":"0095d48e600d98181981ab9bc5ec85372d276bd5"}
,"/Users/ryanmartinez/Desktop/CS506/portal/client/src/components/layout/Dialog/DialogHost/DialogHost.js": {"path":"/Users/ryanmartinez/Desktop/CS506/portal/client/src/components/layout/Dialog/DialogHost/DialogHost.js","statementMap":{"0":{"start":{"line":10,"column":19},"end":{"line":47,"column":1}},"1":{"start":{"line":11,"column":32},"end":{"line":11,"column":39}},"2":{"start":{"line":12,"column":37},"end":{"line":12,"column":44}},"3":{"start":{"line":14,"column":2},"end":{"line":46,"column":4}},"4":{"start":{"line":49,"column":0},"end":{"line":51,"column":2}}},"fnMap":{"0":{"name":"(anonymous_0)","decl":{"start":{"line":10,"column":19},"end":{"line":10,"column":20}},"loc":{"start":{"line":10,"column":36},"end":{"line":47,"column":1}},"line":10}},"branchMap":{},"s":{"0":1,"1":2,"2":0,"3":0,"4":1},"f":{"0":2},"b":{},"_coverageSchema":"43e27e138ebf9cfc5966b082cf9a028302ed4184","hash":"c7eed6ead893db0ee89ceea211e2e5649d71ce4e"}
,"/Users/ryanmartinez/Desktop/CS506/portal/client/src/components/layout/Dialog/PatientFormDialog/PatientFormDialog.js": {"path":"/Users/ryanmartinez/Desktop/CS506/portal/client/src/components/layout/Dialog/PatientFormDialog/PatientFormDialog.js","statementMap":{"0":{"start":{"line":49,"column":18},"end":{"line":53,"column":2}},"1":{"start":{"line":55,"column":22},"end":{"line":69,"column":1}},"2":{"start":{"line":56,"column":24},"end":{"line":56,"column":39}},"3":{"start":{"line":57,"column":20},"end":{"line":57,"column":64}},"4":{"start":{"line":58,"column":2},"end":{"line":68,"column":4}},"5":{"start":{"line":71,"column":21},"end":{"line":85,"column":1}},"6":{"start":{"line":72,"column":24},"end":{"line":72,"column":39}},"7":{"start":{"line":73,"column":20},"end":{"line":73,"column":64}},"8":{"start":{"line":74,"column":2},"end":{"line":84,"column":4}},"9":{"start":{"line":87,"column":20},"end":{"line":104,"column":1}},"10":{"start":{"line":88,"column":24},"end":{"line":88,"column":39}},"11":{"start":{"line":89,"column":20},"end":{"line":89,"column":64}},"12":{"start":{"line":90,"column":2},"end":{"line":103,"column":4}},"13":{"start":{"line":106,"column":17},"end":{"line":120,"column":1}},"14":{"start":{"line":107,"column":24},"end":{"line":107,"column":39}},"15":{"start":{"line":108,"column":20},"end":{"line":108,"column":64}},"16":{"start":{"line":109,"column":2},"end":{"line":119,"column":4}},"17":{"start":{"line":122,"column":17},"end":{"line":125,"column":1}},"18":{"start":{"line":123,"column":24},"end":{"line":123,"column":39}},"19":{"start":{"line":124,"column":2},"end":{"line":124,"column":75}},"20":{"start":{"line":128,"column":25},"end":{"line":153,"column":2}},"21":{"start":{"line":140,"column":6},"end":{"line":140,"column":43}},"22":{"start":{"line":155,"column":26},"end":{"line":480,"column":1}},"23":{"start":{"line":156,"column":18},"end":{"line":156,"column":29}},"24":{"start":{"line":164,"column":25},"end":{"line":164,"column":51}},"25":{"start":{"line":165,"column":19},"end":{"line":189,"column":3}},"26":{"start":{"line":166,"column":4},"end":{"line":166,"column":44}},"27":{"start":{"line":168,"column":21},"end":{"line":168,"column":57}},"28":{"start":{"line":169,"column":20},"end":{"line":169,"column":22}},"29":{"start":{"line":170,"column":4},"end":{"line":172,"column":5}},"30":{"start":{"line":171,"column":6},"end":{"line":171,"column":61}},"31":{"start":{"line":173,"column":4},"end":{"line":173,"column":27}},"32":{"start":{"line":175,"column":4},"end":{"line":188,"column":9}},"33":{"start":{"line":186,"column":8},"end":{"line":186,"column":59}},"34":{"start":{"line":187,"column":8},"end":{"line":187,"column":30}},"35":{"start":{"line":191,"column":2},"end":{"line":479,"column":4}},"36":{"start":{"line":208,"column":10},"end":{"line":208,"column":30}},"37":{"start":{"line":209,"column":10},"end":{"line":209,"column":40}},"38":{"start":{"line":211,"column":10},"end":{"line":213,"column":13}},"39":{"start":{"line":212,"column":12},"end":{"line":212,"column":33}},"40":{"start":{"line":217,"column":10},"end":{"line":475,"column":17}},"41":{"start":{"line":299,"column":28},"end":{"line":327,"column":31}},"42":{"start":{"line":303,"column":34},"end":{"line":306,"column":36}},"43":{"start":{"line":313,"column":32},"end":{"line":325,"column":38}},"44":{"start":{"line":321,"column":51},"end":{"line":321,"column":77}},"45":{"start":{"line":413,"column":24},"end":{"line":443,"column":30}},"46":{"start":{"line":417,"column":30},"end":{"line":420,"column":32}},"47":{"start":{"line":429,"column":28},"end":{"line":441,"column":34}},"48":{"start":{"line":437,"column":47},"end":{"line":437,"column":73}},"49":{"start":{"line":482,"column":0},"end":{"line":485,"column":2}}},"fnMap":{"0":{"name":"(anonymous_0)","decl":{"start":{"line":55,"column":22},"end":{"line":55,"column":23}},"loc":{"start":{"line":55,"column":60},"end":{"line":69,"column":1}},"line":55},"1":{"name":"(anonymous_1)","decl":{"start":{"line":71,"column":21},"end":{"line":71,"column":22}},"loc":{"start":{"line":71,"column":59},"end":{"line":85,"column":1}},"line":71},"2":{"name":"(anonymous_2)","decl":{"start":{"line":87,"column":20},"end":{"line":87,"column":21}},"loc":{"start":{"line":87,"column":58},"end":{"line":104,"column":1}},"line":87},"3":{"name":"(anonymous_3)","decl":{"start":{"line":106,"column":17},"end":{"line":106,"column":18}},"loc":{"start":{"line":106,"column":55},"end":{"line":120,"column":1}},"line":106},"4":{"name":"(anonymous_4)","decl":{"start":{"line":122,"column":17},"end":{"line":122,"column":18}},"loc":{"start":{"line":122,"column":55},"end":{"line":125,"column":1}},"line":122},"5":{"name":"(anonymous_5)","decl":{"start":{"line":139,"column":50},"end":{"line":139,"column":51}},"loc":{"start":{"line":139,"column":66},"end":{"line":141,"column":5}},"line":139},"6":{"name":"(anonymous_6)","decl":{"start":{"line":155,"column":26},"end":{"line":155,"column":27}},"loc":{"start":{"line":155,"column":57},"end":{"line":480,"column":1}},"line":155},"7":{"name":"(anonymous_7)","decl":{"start":{"line":165,"column":19},"end":{"line":165,"column":20}},"loc":{"start":{"line":165,"column":33},"end":{"line":189,"column":3}},"line":165},"8":{"name":"(anonymous_8)","decl":{"start":{"line":185,"column":12},"end":{"line":185,"column":13}},"loc":{"start":{"line":185,"column":18},"end":{"line":188,"column":7}},"line":185},"9":{"name":"(anonymous_9)","decl":{"start":{"line":207,"column":18},"end":{"line":207,"column":19}},"loc":{"start":{"line":207,"column":47},"end":{"line":214,"column":9}},"line":207},"10":{"name":"(anonymous_10)","decl":{"start":{"line":211,"column":30},"end":{"line":211,"column":31}},"loc":{"start":{"line":211,"column":36},"end":{"line":213,"column":11}},"line":211},"11":{"name":"(anonymous_11)","decl":{"start":{"line":216,"column":9},"end":{"line":216,"column":10}},"loc":{"start":{"line":217,"column":10},"end":{"line":475,"column":17}},"line":217},"12":{"name":"(anonymous_12)","decl":{"start":{"line":298,"column":27},"end":{"line":298,"column":28}},"loc":{"start":{"line":299,"column":28},"end":{"line":327,"column":31}},"line":299},"13":{"name":"(anonymous_13)","decl":{"start":{"line":302,"column":41},"end":{"line":302,"column":42}},"loc":{"start":{"line":303,"column":34},"end":{"line":306,"column":36}},"line":303},"14":{"name":"(anonymous_14)","decl":{"start":{"line":312,"column":48},"end":{"line":312,"column":49}},"loc":{"start":{"line":313,"column":32},"end":{"line":325,"column":38}},"line":313},"15":{"name":"(anonymous_15)","decl":{"start":{"line":321,"column":45},"end":{"line":321,"column":46}},"loc":{"start":{"line":321,"column":51},"end":{"line":321,"column":77}},"line":321},"16":{"name":"(anonymous_16)","decl":{"start":{"line":412,"column":23},"end":{"line":412,"column":24}},"loc":{"start":{"line":413,"column":24},"end":{"line":443,"column":30}},"line":413},"17":{"name":"(anonymous_17)","decl":{"start":{"line":416,"column":37},"end":{"line":416,"column":38}},"loc":{"start":{"line":417,"column":30},"end":{"line":420,"column":32}},"line":417},"18":{"name":"(anonymous_18)","decl":{"start":{"line":428,"column":44},"end":{"line":428,"column":45}},"loc":{"start":{"line":429,"column":28},"end":{"line":441,"column":34}},"line":429},"19":{"name":"(anonymous_19)","decl":{"start":{"line":437,"column":41},"end":{"line":437,"column":42}},"loc":{"start":{"line":437,"column":47},"end":{"line":437,"column":73}},"line":437}},"branchMap":{"0":{"loc":{"start":{"line":57,"column":20},"end":{"line":57,"column":64}},"type":"cond-expr","locations":[{"start":{"line":57,"column":49},"end":{"line":57,"column":59}},{"start":{"line":57,"column":62},"end":{"line":57,"column":64}}],"line":57},"1":{"loc":{"start":{"line":57,"column":20},"end":{"line":57,"column":46}},"type":"binary-expr","locations":[{"start":{"line":57,"column":20},"end":{"line":57,"column":30}},{"start":{"line":57,"column":34},"end":{"line":57,"column":46}}],"line":57},"2":{"loc":{"start":{"line":73,"column":20},"end":{"line":73,"column":64}},"type":"cond-expr","locations":[{"start":{"line":73,"column":49},"end":{"line":73,"column":59}},{"start":{"line":73,"column":62},"end":{"line":73,"column":64}}],"line":73},"3":{"loc":{"start":{"line":73,"column":20},"end":{"line":73,"column":46}},"type":"binary-expr","locations":[{"start":{"line":73,"column":20},"end":{"line":73,"column":30}},{"start":{"line":73,"column":34},"end":{"line":73,"column":46}}],"line":73},"4":{"loc":{"start":{"line":89,"column":20},"end":{"line":89,"column":64}},"type":"cond-expr","locations":[{"start":{"line":89,"column":49},"end":{"line":89,"column":59}},{"start":{"line":89,"column":62},"end":{"line":89,"column":64}}],"line":89},"5":{"loc":{"start":{"line":89,"column":20},"end":{"line":89,"column":46}},"type":"binary-expr","locations":[{"start":{"line":89,"column":20},"end":{"line":89,"column":30}},{"start":{"line":89,"column":34},"end":{"line":89,"column":46}}],"line":89},"6":{"loc":{"start":{"line":108,"column":20},"end":{"line":108,"column":64}},"type":"cond-expr","locations":[{"start":{"line":108,"column":49},"end":{"line":108,"column":59}},{"start":{"line":108,"column":62},"end":{"line":108,"column":64}}],"line":108},"7":{"loc":{"start":{"line":108,"column":20},"end":{"line":108,"column":46}},"type":"binary-expr","locations":[{"start":{"line":108,"column":20},"end":{"line":108,"column":30}},{"start":{"line":108,"column":34},"end":{"line":108,"column":46}}],"line":108}},"s":{"0":2,"1":2,"2":0,"3":0,"4":0,"5":2,"6":0,"7":0,"8":0,"9":2,"10":0,"11":0,"12":0,"13":2,"14":0,"15":0,"16":0,"17":2,"18":0,"19":0,"20":2,"21":0,"22":2,"23":1,"24":1,"25":1,"26":0,"27":0,"28":0,"29":0,"30":0,"31":0,"32":0,"33":0,"34":0,"35":1,"36":0,"37":0,"38":0,"39":0,"40":0,"41":0,"42":0,"43":0,"44":0,"45":0,"46":0,"47":0,"48":0,"49":2},"f":{"0":0,"1":0,"2":0,"3":0,"4":0,"5":0,"6":1,"7":0,"8":0,"9":0,"10":0,"11":0,"12":0,"13":0,"14":0,"15":0,"16":0,"17":0,"18":0,"19":0},"b":{"0":[0,0],"1":[0,0],"2":[0,0],"3":[0,0],"4":[0,0],"5":[0,0],"6":[0,0],"7":[0,0]},"_coverageSchema":"43e27e138ebf9cfc5966b082cf9a028302ed4184","hash":"39de65235c1ff4fe949959403f3ce65ce58610b5"}
,"/Users/ryanmartinez/Desktop/CS506/portal/client/src/components/layout/Dialog/PrescriptionFormDialog/PrescriptionFormDialog.js": {"path":"/Users/ryanmartinez/Desktop/CS506/portal/client/src/components/layout/Dialog/PrescriptionFormDialog/PrescriptionFormDialog.js","statementMap":{"0":{"start":{"line":33,"column":18},"end":{"line":53,"column":3}},"1":{"start":{"line":33,"column":39},"end":{"line":53,"column":1}},"2":{"start":{"line":55,"column":22},"end":{"line":69,"column":1}},"3":{"start":{"line":56,"column":24},"end":{"line":56,"column":39}},"4":{"start":{"line":57,"column":20},"end":{"line":57,"column":64}},"5":{"start":{"line":58,"column":2},"end":{"line":68,"column":4}},"6":{"start":{"line":72,"column":20},"end":{"line":84,"column":1}},"7":{"start":{"line":73,"column":24},"end":{"line":73,"column":39}},"8":{"start":{"line":74,"column":20},"end":{"line":74,"column":64}},"9":{"start":{"line":75,"column":2},"end":{"line":83,"column":4}},"10":{"start":{"line":86,"column":21},"end":{"line":100,"column":1}},"11":{"start":{"line":87,"column":24},"end":{"line":87,"column":39}},"12":{"start":{"line":88,"column":20},"end":{"line":88,"column":64}},"13":{"start":{"line":89,"column":2},"end":{"line":99,"column":4}},"14":{"start":{"line":102,"column":20},"end":{"line":119,"column":1}},"15":{"start":{"line":103,"column":24},"end":{"line":103,"column":39}},"16":{"start":{"line":104,"column":20},"end":{"line":104,"column":64}},"17":{"start":{"line":105,"column":2},"end":{"line":118,"column":4}},"18":{"start":{"line":121,"column":17},"end":{"line":135,"column":1}},"19":{"start":{"line":122,"column":24},"end":{"line":122,"column":39}},"20":{"start":{"line":123,"column":20},"end":{"line":123,"column":64}},"21":{"start":{"line":124,"column":2},"end":{"line":134,"column":4}},"22":{"start":{"line":143,"column":17},"end":{"line":153,"column":1}},"23":{"start":{"line":144,"column":18},"end":{"line":144,"column":33}},"24":{"start":{"line":145,"column":2},"end":{"line":152,"column":4}},"25":{"start":{"line":155,"column":25},"end":{"line":162,"column":2}},"26":{"start":{"line":164,"column":31},"end":{"line":426,"column":1}},"27":{"start":{"line":165,"column":18},"end":{"line":165,"column":29}},"28":{"start":{"line":166,"column":25},"end":{"line":166,"column":51}},"29":{"start":{"line":168,"column":19},"end":{"line":196,"column":3}},"30":{"start":{"line":169,"column":19},"end":{"line":169,"column":21}},"31":{"start":{"line":170,"column":4},"end":{"line":177,"column":5}},"32":{"start":{"line":171,"column":6},"end":{"line":171,"column":38}},"33":{"start":{"line":172,"column":6},"end":{"line":176,"column":7}},"34":{"start":{"line":173,"column":8},"end":{"line":175,"column":9}},"35":{"start":{"line":174,"column":10},"end":{"line":174,"column":65}},"36":{"start":{"line":179,"column":4},"end":{"line":179,"column":34}},"37":{"start":{"line":180,"column":4},"end":{"line":180,"column":26}},"38":{"start":{"line":181,"column":15},"end":{"line":181,"column":25}},"39":{"start":{"line":182,"column":20},"end":{"line":182,"column":36}},"40":{"start":{"line":183,"column":4},"end":{"line":183,"column":25}},"41":{"start":{"line":184,"column":4},"end":{"line":192,"column":6}},"42":{"start":{"line":195,"column":4},"end":{"line":195,"column":63}},"43":{"start":{"line":198,"column":2},"end":{"line":425,"column":4}},"44":{"start":{"line":214,"column":10},"end":{"line":214,"column":30}},"45":{"start":{"line":216,"column":10},"end":{"line":216,"column":40}},"46":{"start":{"line":217,"column":10},"end":{"line":217,"column":31}},"47":{"start":{"line":221,"column":10},"end":{"line":421,"column":17}},"48":{"start":{"line":275,"column":28},"end":{"line":308,"column":31}},"49":{"start":{"line":279,"column":34},"end":{"line":283,"column":36}},"50":{"start":{"line":290,"column":32},"end":{"line":306,"column":38}},"51":{"start":{"line":302,"column":51},"end":{"line":302,"column":77}},"52":{"start":{"line":364,"column":24},"end":{"line":397,"column":27}},"53":{"start":{"line":368,"column":30},"end":{"line":372,"column":32}},"54":{"start":{"line":379,"column":28},"end":{"line":395,"column":34}},"55":{"start":{"line":391,"column":47},"end":{"line":391,"column":73}},"56":{"start":{"line":428,"column":0},"end":{"line":430,"column":2}}},"fnMap":{"0":{"name":"(anonymous_0)","decl":{"start":{"line":33,"column":29},"end":{"line":33,"column":30}},"loc":{"start":{"line":33,"column":39},"end":{"line":53,"column":1}},"line":33},"1":{"name":"(anonymous_1)","decl":{"start":{"line":55,"column":22},"end":{"line":55,"column":23}},"loc":{"start":{"line":55,"column":60},"end":{"line":69,"column":1}},"line":55},"2":{"name":"(anonymous_2)","decl":{"start":{"line":72,"column":20},"end":{"line":72,"column":21}},"loc":{"start":{"line":72,"column":51},"end":{"line":84,"column":1}},"line":72},"3":{"name":"(anonymous_3)","decl":{"start":{"line":86,"column":21},"end":{"line":86,"column":22}},"loc":{"start":{"line":86,"column":59},"end":{"line":100,"column":1}},"line":86},"4":{"name":"(anonymous_4)","decl":{"start":{"line":102,"column":20},"end":{"line":102,"column":21}},"loc":{"start":{"line":102,"column":58},"end":{"line":119,"column":1}},"line":102},"5":{"name":"(anonymous_5)","decl":{"start":{"line":121,"column":17},"end":{"line":121,"column":18}},"loc":{"start":{"line":121,"column":55},"end":{"line":135,"column":1}},"line":121},"6":{"name":"(anonymous_6)","decl":{"start":{"line":143,"column":17},"end":{"line":143,"column":18}},"loc":{"start":{"line":143,"column":42},"end":{"line":153,"column":1}},"line":143},"7":{"name":"(anonymous_7)","decl":{"start":{"line":164,"column":31},"end":{"line":164,"column":32}},"loc":{"start":{"line":164,"column":62},"end":{"line":426,"column":1}},"line":164},"8":{"name":"(anonymous_8)","decl":{"start":{"line":168,"column":19},"end":{"line":168,"column":20}},"loc":{"start":{"line":168,"column":27},"end":{"line":196,"column":3}},"line":168},"9":{"name":"(anonymous_9)","decl":{"start":{"line":213,"column":18},"end":{"line":213,"column":19}},"loc":{"start":{"line":213,"column":47},"end":{"line":218,"column":9}},"line":213},"10":{"name":"(anonymous_10)","decl":{"start":{"line":220,"column":9},"end":{"line":220,"column":10}},"loc":{"start":{"line":221,"column":10},"end":{"line":421,"column":17}},"line":221},"11":{"name":"(anonymous_11)","decl":{"start":{"line":274,"column":27},"end":{"line":274,"column":28}},"loc":{"start":{"line":275,"column":28},"end":{"line":308,"column":31}},"line":275},"12":{"name":"(anonymous_12)","decl":{"start":{"line":278,"column":41},"end":{"line":278,"column":42}},"loc":{"start":{"line":279,"column":34},"end":{"line":283,"column":36}},"line":279},"13":{"name":"(anonymous_13)","decl":{"start":{"line":289,"column":51},"end":{"line":289,"column":52}},"loc":{"start":{"line":290,"column":32},"end":{"line":306,"column":38}},"line":290},"14":{"name":"(anonymous_14)","decl":{"start":{"line":302,"column":45},"end":{"line":302,"column":46}},"loc":{"start":{"line":302,"column":51},"end":{"line":302,"column":77}},"line":302},"15":{"name":"(anonymous_15)","decl":{"start":{"line":363,"column":23},"end":{"line":363,"column":24}},"loc":{"start":{"line":364,"column":24},"end":{"line":397,"column":27}},"line":364},"16":{"name":"(anonymous_16)","decl":{"start":{"line":367,"column":37},"end":{"line":367,"column":38}},"loc":{"start":{"line":368,"column":30},"end":{"line":372,"column":32}},"line":368},"17":{"name":"(anonymous_17)","decl":{"start":{"line":378,"column":47},"end":{"line":378,"column":48}},"loc":{"start":{"line":379,"column":28},"end":{"line":395,"column":34}},"line":379},"18":{"name":"(anonymous_18)","decl":{"start":{"line":391,"column":41},"end":{"line":391,"column":42}},"loc":{"start":{"line":391,"column":47},"end":{"line":391,"column":73}},"line":391}},"branchMap":{"0":{"loc":{"start":{"line":57,"column":20},"end":{"line":57,"column":64}},"type":"cond-expr","locations":[{"start":{"line":57,"column":49},"end":{"line":57,"column":59}},{"start":{"line":57,"column":62},"end":{"line":57,"column":64}}],"line":57},"1":{"loc":{"start":{"line":57,"column":20},"end":{"line":57,"column":46}},"type":"binary-expr","locations":[{"start":{"line":57,"column":20},"end":{"line":57,"column":30}},{"start":{"line":57,"column":34},"end":{"line":57,"column":46}}],"line":57},"2":{"loc":{"start":{"line":74,"column":20},"end":{"line":74,"column":64}},"type":"cond-expr","locations":[{"start":{"line":74,"column":49},"end":{"line":74,"column":59}},{"start":{"line":74,"column":62},"end":{"line":74,"column":64}}],"line":74},"3":{"loc":{"start":{"line":74,"column":20},"end":{"line":74,"column":46}},"type":"binary-expr","locations":[{"start":{"line":74,"column":20},"end":{"line":74,"column":30}},{"start":{"line":74,"column":34},"end":{"line":74,"column":46}}],"line":74},"4":{"loc":{"start":{"line":88,"column":20},"end":{"line":88,"column":64}},"type":"cond-expr","locations":[{"start":{"line":88,"column":49},"end":{"line":88,"column":59}},{"start":{"line":88,"column":62},"end":{"line":88,"column":64}}],"line":88},"5":{"loc":{"start":{"line":88,"column":20},"end":{"line":88,"column":46}},"type":"binary-expr","locations":[{"start":{"line":88,"column":20},"end":{"line":88,"column":30}},{"start":{"line":88,"column":34},"end":{"line":88,"column":46}}],"line":88},"6":{"loc":{"start":{"line":104,"column":20},"end":{"line":104,"column":64}},"type":"cond-expr","locations":[{"start":{"line":104,"column":49},"end":{"line":104,"column":59}},{"start":{"line":104,"column":62},"end":{"line":104,"column":64}}],"line":104},"7":{"loc":{"start":{"line":104,"column":20},"end":{"line":104,"column":46}},"type":"binary-expr","locations":[{"start":{"line":104,"column":20},"end":{"line":104,"column":30}},{"start":{"line":104,"column":34},"end":{"line":104,"column":46}}],"line":104},"8":{"loc":{"start":{"line":123,"column":20},"end":{"line":123,"column":64}},"type":"cond-expr","locations":[{"start":{"line":123,"column":49},"end":{"line":123,"column":59}},{"start":{"line":123,"column":62},"end":{"line":123,"column":64}}],"line":123},"9":{"loc":{"start":{"line":123,"column":20},"end":{"line":123,"column":46}},"type":"binary-expr","locations":[{"start":{"line":123,"column":20},"end":{"line":123,"column":30}},{"start":{"line":123,"column":34},"end":{"line":123,"column":46}}],"line":123},"10":{"loc":{"start":{"line":173,"column":8},"end":{"line":175,"column":9}},"type":"if","locations":[{"start":{"line":173,"column":8},"end":{"line":175,"column":9}},{"start":{"line":173,"column":8},"end":{"line":175,"column":9}}],"line":173}},"s":{"0":2,"1":1,"2":2,"3":0,"4":0,"5":0,"6":2,"7":0,"8":0,"9":0,"10":2,"11":0,"12":0,"13":0,"14":2,"15":0,"16":0,"17":0,"18":2,"19":0,"20":0,"21":0,"22":2,"23":0,"24":0,"25":2,"26":2,"27":1,"28":1,"29":1,"30":0,"31":0,"32":0,"33":0,"34":0,"35":0,"36":0,"37":0,"38":0,"39":0,"40":0,"41":0,"42":0,"43":1,"44":0,"45":0,"46":0,"47":0,"48":0,"49":0,"50":0,"51":0,"52":0,"53":0,"54":0,"55":0,"56":2},"f":{"0":1,"1":0,"2":0,"3":0,"4":0,"5":0,"6":0,"7":1,"8":0,"9":0,"10":0,"11":0,"12":0,"13":0,"14":0,"15":0,"16":0,"17":0,"18":0},"b":{"0":[0,0],"1":[0,0],"2":[0,0],"3":[0,0],"4":[0,0],"5":[0,0],"6":[0,0],"7":[0,0],"8":[0,0],"9":[0,0],"10":[0,0]},"_coverageSchema":"43e27e138ebf9cfc5966b082cf9a028302ed4184","hash":"94ee2676b142d115b980fe047bb4a60f236b8c2f"}
,"/Users/ryanmartinez/Desktop/CS506/portal/client/src/components/layout/Loading/Loading.js": {"path":"/Users/ryanmartinez/Desktop/CS506/portal/client/src/components/layout/Loading/Loading.js","statementMap":{"0":{"start":{"line":5,"column":16},"end":{"line":9,"column":1}},"1":{"start":{"line":6,"column":2},"end":{"line":8,"column":8}}},"fnMap":{"0":{"name":"(anonymous_0)","decl":{"start":{"line":5,"column":16},"end":{"line":5,"column":17}},"loc":{"start":{"line":6,"column":2},"end":{"line":8,"column":8}},"line":6}},"branchMap":{},"s":{"0":1,"1":2},"f":{"0":2},"b":{},"_coverageSchema":"43e27e138ebf9cfc5966b082cf9a028302ed4184","hash":"74b0657892a5033419e056ddaf38a6aee7794ce7"}
,"/Users/ryanmartinez/Desktop/CS506/portal/client/src/components/layout/Navbar/Navbar.js": {"path":"/Users/ryanmartinez/Desktop/CS506/portal/client/src/components/layout/Navbar/Navbar.js","statementMap":{"0":{"start":{"line":20,"column":18},"end":{"line":27,"column":2}},"1":{"start":{"line":29,"column":15},"end":{"line":69,"column":1}},"2":{"start":{"line":30,"column":18},"end":{"line":30,"column":29}},"3":{"start":{"line":31,"column":2},"end":{"line":68,"column":4}},"4":{"start":{"line":71,"column":0},"end":{"line":75,"column":2}}},"fnMap":{"0":{"name":"(anonymous_0)","decl":{"start":{"line":29,"column":15},"end":{"line":29,"column":16}},"loc":{"start":{"line":29,"column":63},"end":{"line":69,"column":1}},"line":29}},"branchMap":{"0":{"loc":{"start":{"line":33,"column":17},"end":{"line":33,"column":66}},"type":"cond-expr","locations":[{"start":{"line":33,"column":32},"end":{"line":33,"column":49}},{"start":{"line":33,"column":52},"end":{"line":33,"column":66}}],"line":33},"1":{"loc":{"start":{"line":50,"column":11},"end":{"line":54,"column":11}},"type":"cond-expr","locations":[{"start":{"line":51,"column":12},"end":{"line":51,"column":31}},{"start":{"line":53,"column":12},"end":{"line":53,"column":31}}],"line":50}},"s":{"0":1,"1":1,"2":1,"3":1,"4":1},"f":{"0":1},"b":{"0":[0,1],"1":[1,0]},"_coverageSchema":"43e27e138ebf9cfc5966b082cf9a028302ed4184","hash":"ead42b5e54da74dbc183d1a4062aaed0dc1b820f"}
,"/Users/ryanmartinez/Desktop/CS506/portal/client/src/components/pages/Landing/Landing.js": {"path":"/Users/ryanmartinez/Desktop/CS506/portal/client/src/components/pages/Landing/Landing.js","statementMap":{"0":{"start":{"line":24,"column":18},"end":{"line":54,"column":3}},"1":{"start":{"line":24,"column":39},"end":{"line":54,"column":1}},"2":{"start":{"line":56,"column":16},"end":{"line":167,"column":1}},"3":{"start":{"line":57,"column":18},"end":{"line":57,"column":29}},"4":{"start":{"line":60,"column":26},"end":{"line":60,"column":41}},"5":{"start":{"line":62,"column":32},"end":{"line":62,"column":44}},"6":{"start":{"line":64,"column":19},"end":{"line":66,"column":3}},"7":{"start":{"line":65,"column":4},"end":{"line":65,"column":18}},"8":{"start":{"line":67,"column":28},"end":{"line":72,"column":3}},"9":{"start":{"line":68,"column":19},"end":{"line":68,"column":40}},"10":{"start":{"line":69,"column":4},"end":{"line":71,"column":5}},"11":{"start":{"line":70,"column":6},"end":{"line":70,"column":47}},"12":{"start":{"line":74,"column":2},"end":{"line":108,"column":3}},"13":{"start":{"line":75,"column":4},"end":{"line":107,"column":6}},"14":{"start":{"line":101,"column":27},"end":{"line":101,"column":53}},"15":{"start":{"line":109,"column":2},"end":{"line":150,"column":3}},"16":{"start":{"line":110,"column":4},"end":{"line":149,"column":6}},"17":{"start":{"line":132,"column":27},"end":{"line":132,"column":53}},"18":{"start":{"line":152,"column":2},"end":{"line":166,"column":4}},"19":{"start":{"line":169,"column":0},"end":{"line":173,"column":2}}},"fnMap":{"0":{"name":"(anonymous_0)","decl":{"start":{"line":24,"column":29},"end":{"line":24,"column":30}},"loc":{"start":{"line":24,"column":39},"end":{"line":54,"column":1}},"line":24},"1":{"name":"(anonymous_1)","decl":{"start":{"line":56,"column":16},"end":{"line":56,"column":17}},"loc":{"start":{"line":56,"column":75},"end":{"line":167,"column":1}},"line":56},"2":{"name":"(anonymous_2)","decl":{"start":{"line":64,"column":19},"end":{"line":64,"column":20}},"loc":{"start":{"line":64,"column":25},"end":{"line":66,"column":3}},"line":64},"3":{"name":"(anonymous_3)","decl":{"start":{"line":67,"column":28},"end":{"line":67,"column":29}},"loc":{"start":{"line":67,"column":34},"end":{"line":72,"column":3}},"line":67},"4":{"name":"(anonymous_4)","decl":{"start":{"line":101,"column":22},"end":{"line":101,"column":23}},"loc":{"start":{"line":101,"column":27},"end":{"line":101,"column":53}},"line":101},"5":{"name":"(anonymous_5)","decl":{"start":{"line":132,"column":22},"end":{"line":132,"column":23}},"loc":{"start":{"line":132,"column":27},"end":{"line":132,"column":53}},"line":132}},"branchMap":{"0":{"loc":{"start":{"line":56,"column":19},"end":{"line":56,"column":35}},"type":"default-arg","locations":[{"start":{"line":56,"column":30},"end":{"line":56,"column":35}}],"line":56},"1":{"loc":{"start":{"line":69,"column":4},"end":{"line":71,"column":5}},"type":"if","locations":[{"start":{"line":69,"column":4},"end":{"line":71,"column":5}},{"start":{"line":69,"column":4},"end":{"line":71,"column":5}}],"line":69},"2":{"loc":{"start":{"line":74,"column":2},"end":{"line":108,"column":3}},"type":"if","locations":[{"start":{"line":74,"column":2},"end":{"line":108,"column":3}},{"start":{"line":74,"column":2},"end":{"line":108,"column":3}}],"line":74},"3":{"loc":{"start":{"line":109,"column":2},"end":{"line":150,"column":3}},"type":"if","locations":[{"start":{"line":109,"column":2},"end":{"line":150,"column":3}},{"start":{"line":109,"column":2},"end":{"line":150,"column":3}}],"line":109},"4":{"loc":{"start":{"line":109,"column":6},"end":{"line":109,"column":31}},"type":"binary-expr","locations":[{"start":{"line":109,"column":6},"end":{"line":109,"column":19}},{"start":{"line":109,"column":23},"end":{"line":109,"column":31}}],"line":109}},"s":{"0":1,"1":4,"2":1,"3":4,"4":4,"5":4,"6":4,"7":0,"8":4,"9":2,"10":2,"11":0,"12":4,"13":1,"14":0,"15":3,"16":1,"17":0,"18":2,"19":1},"f":{"0":4,"1":4,"2":0,"3":2,"4":0,"5":0},"b":{"0":[0],"1":[0,2],"2":[1,3],"3":[1,2],"4":[3,3]},"_coverageSchema":"43e27e138ebf9cfc5966b082cf9a028302ed4184","hash":"790bb393c44c0643dcef96a7960771aa0ac57995"}
,"/Users/ryanmartinez/Desktop/CS506/portal/client/src/components/pages/NotFound/NotFound.js": {"path":"/Users/ryanmartinez/Desktop/CS506/portal/client/src/components/pages/NotFound/NotFound.js","statementMap":{"0":{"start":{"line":10,"column":18},"end":{"line":30,"column":3}},"1":{"start":{"line":10,"column":39},"end":{"line":30,"column":1}},"2":{"start":{"line":32,"column":17},"end":{"line":64,"column":1}},"3":{"start":{"line":33,"column":18},"end":{"line":33,"column":29}},"4":{"start":{"line":35,"column":2},"end":{"line":63,"column":4}}},"fnMap":{"0":{"name":"(anonymous_0)","decl":{"start":{"line":10,"column":29},"end":{"line":10,"column":30}},"loc":{"start":{"line":10,"column":39},"end":{"line":30,"column":1}},"line":10},"1":{"name":"(anonymous_1)","decl":{"start":{"line":32,"column":17},"end":{"line":32,"column":18}},"loc":{"start":{"line":32,"column":23},"end":{"line":64,"column":1}},"line":32}},"branchMap":{},"s":{"0":1,"1":2,"2":1,"3":2,"4":2},"f":{"0":2,"1":2},"b":{},"_coverageSchema":"43e27e138ebf9cfc5966b082cf9a028302ed4184","hash":"fd3c3fbe185bf2bf9dd838853ded8154ee1538b3"}
,"/Users/ryanmartinez/Desktop/CS506/portal/client/src/components/pages/Profile/OutdatedProfile.js": {"path":"/Users/ryanmartinez/Desktop/CS506/portal/client/src/components/pages/Profile/OutdatedProfile.js","statementMap":{},"fnMap":{},"branchMap":{},"s":{},"f":{},"b":{},"hash":"74c65fc4c21427ed4ad5412bdcbe964a35549771"}
,"/Users/ryanmartinez/Desktop/CS506/portal/client/src/components/pages/Profile/Profile.js": {"path":"/Users/ryanmartinez/Desktop/CS506/portal/client/src/components/pages/Profile/Profile.js","statementMap":{"0":{"start":{"line":19,"column":18},"end":{"line":44,"column":3}},"1":{"start":{"line":19,"column":39},"end":{"line":44,"column":1}},"2":{"start":{"line":46,"column":16},"end":{"line":106,"column":1}},"3":{"start":{"line":53,"column":18},"end":{"line":53,"column":29}},"4":{"start":{"line":54,"column":27},"end":{"line":54,"column":67}},"5":{"start":{"line":55,"column":2},"end":{"line":55,"column":21}},"6":{"start":{"line":56,"column":2},"end":{"line":76,"column":3}},"7":{"start":{"line":57,"column":4},"end":{"line":75,"column":6}},"8":{"start":{"line":66,"column":50},"end":{"line":66,"column":72}},"9":{"start":{"line":77,"column":2},"end":{"line":105,"column":4}},"10":{"start":{"line":108,"column":0},"end":{"line":112,"column":2}}},"fnMap":{"0":{"name":"(anonymous_0)","decl":{"start":{"line":19,"column":29},"end":{"line":19,"column":30}},"loc":{"start":{"line":19,"column":39},"end":{"line":44,"column":1}},"line":19},"1":{"name":"(anonymous_1)","decl":{"start":{"line":46,"column":16},"end":{"line":46,"column":17}},"loc":{"start":{"line":52,"column":6},"end":{"line":106,"column":1}},"line":52},"2":{"name":"(anonymous_2)","decl":{"start":{"line":66,"column":44},"end":{"line":66,"column":45}},"loc":{"start":{"line":66,"column":50},"end":{"line":66,"column":72}},"line":66}},"branchMap":{"0":{"loc":{"start":{"line":56,"column":2},"end":{"line":76,"column":3}},"type":"if","locations":[{"start":{"line":56,"column":2},"end":{"line":76,"column":3}},{"start":{"line":56,"column":2},"end":{"line":76,"column":3}}],"line":56}},"s":{"0":1,"1":1,"2":1,"3":2,"4":2,"5":2,"6":2,"7":0,"8":0,"9":2,"10":1},"f":{"0":1,"1":2,"2":0},"b":{"0":[0,2]},"_coverageSchema":"43e27e138ebf9cfc5966b082cf9a028302ed4184","hash":"885b241661af5b600088cb82e16289e7866f64ae"}
,"/Users/ryanmartinez/Desktop/CS506/portal/client/src/components/pages/Profile/ProfileComponents/BasicInfo/BasicInfo.js": {"path":"/Users/ryanmartinez/Desktop/CS506/portal/client/src/components/pages/Profile/ProfileComponents/BasicInfo/BasicInfo.js","statementMap":{"0":{"start":{"line":35,"column":18},"end":{"line":90,"column":3}},"1":{"start":{"line":35,"column":39},"end":{"line":90,"column":1}},"2":{"start":{"line":92,"column":18},"end":{"line":476,"column":1}},"3":{"start":{"line":93,"column":18},"end":{"line":93,"column":29}},"4":{"start":{"line":94,"column":25},"end":{"line":94,"column":51}},"5":{"start":{"line":96,"column":40},"end":{"line":103,"column":4}},"6":{"start":{"line":106,"column":32},"end":{"line":110,"column":3}},"7":{"start":{"line":107,"column":17},"end":{"line":107,"column":67}},"8":{"start":{"line":108,"column":4},"end":{"line":108,"column":22}},"9":{"start":{"line":112,"column":2},"end":{"line":114,"column":9}},"10":{"start":{"line":113,"column":4},"end":{"line":113,"column":28}},"11":{"start":{"line":117,"column":44},"end":{"line":123,"column":4}},"12":{"start":{"line":125,"column":42},"end":{"line":125,"column":54}},"13":{"start":{"line":126,"column":46},"end":{"line":126,"column":58}},"14":{"start":{"line":127,"column":40},"end":{"line":127,"column":52}},"15":{"start":{"line":128,"column":38},"end":{"line":128,"column":50}},"16":{"start":{"line":129,"column":38},"end":{"line":129,"column":50}},"17":{"start":{"line":130,"column":44},"end":{"line":130,"column":56}},"18":{"start":{"line":133,"column":20},"end":{"line":136,"column":3}},"19":{"start":{"line":134,"column":4},"end":{"line":134,"column":25}},"20":{"start":{"line":134,"column":18},"end":{"line":134,"column":25}},"21":{"start":{"line":135,"column":4},"end":{"line":135,"column":29}},"22":{"start":{"line":139,"column":21},"end":{"line":147,"column":3}},"23":{"start":{"line":140,"column":4},"end":{"line":146,"column":7}},"24":{"start":{"line":149,"column":21},"end":{"line":160,"column":3}},"25":{"start":{"line":163,"column":24},"end":{"line":171,"column":3}},"26":{"start":{"line":164,"column":4},"end":{"line":170,"column":7}},"27":{"start":{"line":175,"column":24},"end":{"line":179,"column":3}},"28":{"start":{"line":176,"column":4},"end":{"line":176,"column":55}},"29":{"start":{"line":176,"column":48},"end":{"line":176,"column":55}},"30":{"start":{"line":177,"column":4},"end":{"line":177,"column":32}},"31":{"start":{"line":178,"column":4},"end":{"line":178,"column":64}},"32":{"start":{"line":181,"column":21},"end":{"line":184,"column":3}},"33":{"start":{"line":182,"column":4},"end":{"line":182,"column":49}},"34":{"start":{"line":182,"column":42},"end":{"line":182,"column":49}},"35":{"start":{"line":183,"column":4},"end":{"line":183,"column":58}},"36":{"start":{"line":186,"column":20},"end":{"line":193,"column":3}},"37":{"start":{"line":187,"column":4},"end":{"line":187,"column":47}},"38":{"start":{"line":187,"column":40},"end":{"line":187,"column":47}},"39":{"start":{"line":195,"column":20},"end":{"line":198,"column":3}},"40":{"start":{"line":196,"column":4},"end":{"line":196,"column":47}},"41":{"start":{"line":196,"column":40},"end":{"line":196,"column":47}},"42":{"start":{"line":197,"column":4},"end":{"line":197,"column":56}},"43":{"start":{"line":200,"column":23},"end":{"line":203,"column":3}},"44":{"start":{"line":201,"column":4},"end":{"line":201,"column":53}},"45":{"start":{"line":201,"column":46},"end":{"line":201,"column":53}},"46":{"start":{"line":202,"column":4},"end":{"line":202,"column":62}},"47":{"start":{"line":206,"column":22},"end":{"line":224,"column":3}},"48":{"start":{"line":207,"column":4},"end":{"line":223,"column":5}},"49":{"start":{"line":209,"column":8},"end":{"line":209,"column":24}},"50":{"start":{"line":210,"column":8},"end":{"line":210,"column":15}},"51":{"start":{"line":212,"column":8},"end":{"line":212,"column":21}},"52":{"start":{"line":213,"column":8},"end":{"line":213,"column":15}},"53":{"start":{"line":215,"column":8},"end":{"line":215,"column":20}},"54":{"start":{"line":216,"column":8},"end":{"line":216,"column":15}},"55":{"start":{"line":218,"column":8},"end":{"line":218,"column":20}},"56":{"start":{"line":219,"column":8},"end":{"line":219,"column":15}},"57":{"start":{"line":221,"column":8},"end":{"line":221,"column":23}},"58":{"start":{"line":226,"column":24},"end":{"line":238,"column":3}},"59":{"start":{"line":227,"column":4},"end":{"line":227,"column":35}},"60":{"start":{"line":227,"column":28},"end":{"line":227,"column":35}},"61":{"start":{"line":228,"column":4},"end":{"line":229,"column":13}},"62":{"start":{"line":229,"column":6},"end":{"line":229,"column":13}},"63":{"start":{"line":230,"column":20},"end":{"line":230,"column":25}},"64":{"start":{"line":231,"column":4},"end":{"line":231,"column":21}},"65":{"start":{"line":231,"column":14},"end":{"line":231,"column":21}},"66":{"start":{"line":232,"column":4},"end":{"line":237,"column":5}},"67":{"start":{"line":233,"column":6},"end":{"line":233,"column":19}},"68":{"start":{"line":234,"column":11},"end":{"line":237,"column":5}},"69":{"start":{"line":235,"column":6},"end":{"line":235,"column":27}},"70":{"start":{"line":236,"column":6},"end":{"line":236,"column":19}},"71":{"start":{"line":241,"column":30},"end":{"line":245,"column":3}},"72":{"start":{"line":242,"column":4},"end":{"line":242,"column":23}},"73":{"start":{"line":242,"column":16},"end":{"line":242,"column":23}},"74":{"start":{"line":243,"column":23},"end":{"line":243,"column":41}},"75":{"start":{"line":244,"column":4},"end":{"line":244,"column":34}},"76":{"start":{"line":247,"column":27},"end":{"line":251,"column":3}},"77":{"start":{"line":248,"column":4},"end":{"line":248,"column":23}},"78":{"start":{"line":248,"column":16},"end":{"line":248,"column":23}},"79":{"start":{"line":249,"column":20},"end":{"line":249,"column":38}},"80":{"start":{"line":250,"column":4},"end":{"line":250,"column":28}},"81":{"start":{"line":253,"column":26},"end":{"line":257,"column":3}},"82":{"start":{"line":254,"column":4},"end":{"line":254,"column":23}},"83":{"start":{"line":254,"column":16},"end":{"line":254,"column":23}},"84":{"start":{"line":255,"column":19},"end":{"line":255,"column":37}},"85":{"start":{"line":256,"column":4},"end":{"line":256,"column":26}},"86":{"start":{"line":259,"column":26},"end":{"line":263,"column":3}},"87":{"start":{"line":260,"column":4},"end":{"line":260,"column":23}},"88":{"start":{"line":260,"column":16},"end":{"line":260,"column":23}},"89":{"start":{"line":261,"column":19},"end":{"line":261,"column":37}},"90":{"start":{"line":262,"column":4},"end":{"line":262,"column":26}},"91":{"start":{"line":265,"column":29},"end":{"line":269,"column":3}},"92":{"start":{"line":266,"column":4},"end":{"line":266,"column":23}},"93":{"start":{"line":266,"column":16},"end":{"line":266,"column":23}},"94":{"start":{"line":267,"column":22},"end":{"line":267,"column":40}},"95":{"start":{"line":268,"column":4},"end":{"line":268,"column":32}},"96":{"start":{"line":271,"column":2},"end":{"line":475,"column":4}},"97":{"start":{"line":279,"column":39},"end":{"line":279,"column":51}},"98":{"start":{"line":321,"column":30},"end":{"line":321,"column":61}},"99":{"start":{"line":332,"column":45},"end":{"line":332,"column":65}},"100":{"start":{"line":362,"column":34},"end":{"line":362,"column":61}},"101":{"start":{"line":374,"column":49},"end":{"line":374,"column":65}},"102":{"start":{"line":405,"column":34},"end":{"line":405,"column":61}},"103":{"start":{"line":420,"column":49},"end":{"line":420,"column":65}},"104":{"start":{"line":451,"column":34},"end":{"line":451,"column":64}},"105":{"start":{"line":463,"column":49},"end":{"line":463,"column":68}}},"fnMap":{"0":{"name":"(anonymous_0)","decl":{"start":{"line":35,"column":29},"end":{"line":35,"column":30}},"loc":{"start":{"line":35,"column":39},"end":{"line":90,"column":1}},"line":35},"1":{"name":"(anonymous_1)","decl":{"start":{"line":92,"column":18},"end":{"line":92,"column":19}},"loc":{"start":{"line":92,"column":43},"end":{"line":476,"column":1}},"line":92},"2":{"name":"(anonymous_2)","decl":{"start":{"line":106,"column":32},"end":{"line":106,"column":33}},"loc":{"start":{"line":106,"column":44},"end":{"line":110,"column":3}},"line":106},"3":{"name":"(anonymous_3)","decl":{"start":{"line":112,"column":12},"end":{"line":112,"column":13}},"loc":{"start":{"line":112,"column":18},"end":{"line":114,"column":3}},"line":112},"4":{"name":"(anonymous_4)","decl":{"start":{"line":133,"column":20},"end":{"line":133,"column":21}},"loc":{"start":{"line":133,"column":31},"end":{"line":136,"column":3}},"line":133},"5":{"name":"(anonymous_5)","decl":{"start":{"line":139,"column":21},"end":{"line":139,"column":22}},"loc":{"start":{"line":139,"column":27},"end":{"line":147,"column":3}},"line":139},"6":{"name":"(anonymous_6)","decl":{"start":{"line":149,"column":21},"end":{"line":149,"column":22}},"loc":{"start":{"line":149,"column":33},"end":{"line":160,"column":3}},"line":149},"7":{"name":"(anonymous_7)","decl":{"start":{"line":163,"column":24},"end":{"line":163,"column":25}},"loc":{"start":{"line":163,"column":36},"end":{"line":171,"column":3}},"line":163},"8":{"name":"(anonymous_8)","decl":{"start":{"line":175,"column":24},"end":{"line":175,"column":25}},"loc":{"start":{"line":175,"column":30},"end":{"line":179,"column":3}},"line":175},"9":{"name":"(anonymous_9)","decl":{"start":{"line":181,"column":21},"end":{"line":181,"column":22}},"loc":{"start":{"line":181,"column":27},"end":{"line":184,"column":3}},"line":181},"10":{"name":"(anonymous_10)","decl":{"start":{"line":186,"column":20},"end":{"line":186,"column":21}},"loc":{"start":{"line":186,"column":26},"end":{"line":193,"column":3}},"line":186},"11":{"name":"(anonymous_11)","decl":{"start":{"line":195,"column":20},"end":{"line":195,"column":21}},"loc":{"start":{"line":195,"column":26},"end":{"line":198,"column":3}},"line":195},"12":{"name":"(anonymous_12)","decl":{"start":{"line":200,"column":23},"end":{"line":200,"column":24}},"loc":{"start":{"line":200,"column":29},"end":{"line":203,"column":3}},"line":200},"13":{"name":"(anonymous_13)","decl":{"start":{"line":206,"column":22},"end":{"line":206,"column":23}},"loc":{"start":{"line":206,"column":33},"end":{"line":224,"column":3}},"line":206},"14":{"name":"(anonymous_14)","decl":{"start":{"line":226,"column":24},"end":{"line":226,"column":25}},"loc":{"start":{"line":226,"column":44},"end":{"line":238,"column":3}},"line":226},"15":{"name":"(anonymous_15)","decl":{"start":{"line":241,"column":30},"end":{"line":241,"column":31}},"loc":{"start":{"line":241,"column":39},"end":{"line":245,"column":3}},"line":241},"16":{"name":"(anonymous_16)","decl":{"start":{"line":247,"column":27},"end":{"line":247,"column":28}},"loc":{"start":{"line":247,"column":36},"end":{"line":251,"column":3}},"line":247},"17":{"name":"(anonymous_17)","decl":{"start":{"line":253,"column":26},"end":{"line":253,"column":27}},"loc":{"start":{"line":253,"column":35},"end":{"line":257,"column":3}},"line":253},"18":{"name":"(anonymous_18)","decl":{"start":{"line":259,"column":26},"end":{"line":259,"column":27}},"loc":{"start":{"line":259,"column":35},"end":{"line":263,"column":3}},"line":259},"19":{"name":"(anonymous_19)","decl":{"start":{"line":265,"column":29},"end":{"line":265,"column":30}},"loc":{"start":{"line":265,"column":38},"end":{"line":269,"column":3}},"line":265},"20":{"name":"(anonymous_20)","decl":{"start":{"line":279,"column":33},"end":{"line":279,"column":34}},"loc":{"start":{"line":279,"column":39},"end":{"line":279,"column":51}},"line":279},"21":{"name":"(anonymous_21)","decl":{"start":{"line":321,"column":21},"end":{"line":321,"column":22}},"loc":{"start":{"line":321,"column":30},"end":{"line":321,"column":61}},"line":321},"22":{"name":"(anonymous_22)","decl":{"start":{"line":332,"column":39},"end":{"line":332,"column":40}},"loc":{"start":{"line":332,"column":45},"end":{"line":332,"column":65}},"line":332},"23":{"name":"(anonymous_23)","decl":{"start":{"line":362,"column":25},"end":{"line":362,"column":26}},"loc":{"start":{"line":362,"column":34},"end":{"line":362,"column":61}},"line":362},"24":{"name":"(anonymous_24)","decl":{"start":{"line":374,"column":43},"end":{"line":374,"column":44}},"loc":{"start":{"line":374,"column":49},"end":{"line":374,"column":65}},"line":374},"25":{"name":"(anonymous_25)","decl":{"start":{"line":405,"column":25},"end":{"line":405,"column":26}},"loc":{"start":{"line":405,"column":34},"end":{"line":405,"column":61}},"line":405},"26":{"name":"(anonymous_26)","decl":{"start":{"line":420,"column":43},"end":{"line":420,"column":44}},"loc":{"start":{"line":420,"column":49},"end":{"line":420,"column":65}},"line":420},"27":{"name":"(anonymous_27)","decl":{"start":{"line":451,"column":25},"end":{"line":451,"column":26}},"loc":{"start":{"line":451,"column":34},"end":{"line":451,"column":64}},"line":451},"28":{"name":"(anonymous_28)","decl":{"start":{"line":463,"column":43},"end":{"line":463,"column":44}},"loc":{"start":{"line":463,"column":49},"end":{"line":463,"column":68}},"line":463}},"branchMap":{"0":{"loc":{"start":{"line":134,"column":4},"end":{"line":134,"column":25}},"type":"if","locations":[{"start":{"line":134,"column":4},"end":{"line":134,"column":25}},{"start":{"line":134,"column":4},"end":{"line":134,"column":25}}],"line":134},"1":{"loc":{"start":{"line":176,"column":4},"end":{"line":176,"column":55}},"type":"if","locations":[{"start":{"line":176,"column":4},"end":{"line":176,"column":55}},{"start":{"line":176,"column":4},"end":{"line":176,"column":55}}],"line":176},"2":{"loc":{"start":{"line":182,"column":4},"end":{"line":182,"column":49}},"type":"if","locations":[{"start":{"line":182,"column":4},"end":{"line":182,"column":49}},{"start":{"line":182,"column":4},"end":{"line":182,"column":49}}],"line":182},"3":{"loc":{"start":{"line":187,"column":4},"end":{"line":187,"column":47}},"type":"if","locations":[{"start":{"line":187,"column":4},"end":{"line":187,"column":47}},{"start":{"line":187,"column":4},"end":{"line":187,"column":47}}],"line":187},"4":{"loc":{"start":{"line":196,"column":4},"end":{"line":196,"column":47}},"type":"if","locations":[{"start":{"line":196,"column":4},"end":{"line":196,"column":47}},{"start":{"line":196,"column":4},"end":{"line":196,"column":47}}],"line":196},"5":{"loc":{"start":{"line":201,"column":4},"end":{"line":201,"column":53}},"type":"if","locations":[{"start":{"line":201,"column":4},"end":{"line":201,"column":53}},{"start":{"line":201,"column":4},"end":{"line":201,"column":53}}],"line":201},"6":{"loc":{"start":{"line":207,"column":4},"end":{"line":223,"column":5}},"type":"switch","locations":[{"start":{"line":208,"column":6},"end":{"line":210,"column":15}},{"start":{"line":211,"column":6},"end":{"line":213,"column":15}},{"start":{"line":214,"column":6},"end":{"line":216,"column":15}},{"start":{"line":217,"column":6},"end":{"line":219,"column":15}},{"start":{"line":220,"column":6},"end":{"line":221,"column":23}},{"start":{"line":222,"column":6},"end":{"line":222,"column":14}}],"line":207},"7":{"loc":{"start":{"line":227,"column":4},"end":{"line":227,"column":35}},"type":"if","locations":[{"start":{"line":227,"column":4},"end":{"line":227,"column":35}},{"start":{"line":227,"column":4},"end":{"line":227,"column":35}}],"line":227},"8":{"loc":{"start":{"line":227,"column":8},"end":{"line":227,"column":26}},"type":"binary-expr","locations":[{"start":{"line":227,"column":8},"end":{"line":227,"column":14}},{"start":{"line":227,"column":18},"end":{"line":227,"column":26}}],"line":227},"9":{"loc":{"start":{"line":228,"column":4},"end":{"line":229,"column":13}},"type":"if","locations":[{"start":{"line":228,"column":4},"end":{"line":229,"column":13}},{"start":{"line":228,"column":4},"end":{"line":229,"column":13}}],"line":228},"10":{"loc":{"start":{"line":228,"column":8},"end":{"line":228,"column":72}},"type":"binary-expr","locations":[{"start":{"line":228,"column":8},"end":{"line":228,"column":20}},{"start":{"line":228,"column":24},"end":{"line":228,"column":37}},{"start":{"line":228,"column":41},"end":{"line":228,"column":54}},{"start":{"line":228,"column":58},"end":{"line":228,"column":72}}],"line":228},"11":{"loc":{"start":{"line":231,"column":4},"end":{"line":231,"column":21}},"type":"if","locations":[{"start":{"line":231,"column":4},"end":{"line":231,"column":21}},{"start":{"line":231,"column":4},"end":{"line":231,"column":21}}],"line":231},"12":{"loc":{"start":{"line":232,"column":4},"end":{"line":237,"column":5}},"type":"if","locations":[{"start":{"line":232,"column":4},"end":{"line":237,"column":5}},{"start":{"line":232,"column":4},"end":{"line":237,"column":5}}],"line":232},"13":{"loc":{"start":{"line":234,"column":11},"end":{"line":237,"column":5}},"type":"if","locations":[{"start":{"line":234,"column":11},"end":{"line":237,"column":5}},{"start":{"line":234,"column":11},"end":{"line":237,"column":5}}],"line":234},"14":{"loc":{"start":{"line":242,"column":4},"end":{"line":242,"column":23}},"type":"if","locations":[{"start":{"line":242,"column":4},"end":{"line":242,"column":23}},{"start":{"line":242,"column":4},"end":{"line":242,"column":23}}],"line":242},"15":{"loc":{"start":{"line":248,"column":4},"end":{"line":248,"column":23}},"type":"if","locations":[{"start":{"line":248,"column":4},"end":{"line":248,"column":23}},{"start":{"line":248,"column":4},"end":{"line":248,"column":23}}],"line":248},"16":{"loc":{"start":{"line":254,"column":4},"end":{"line":254,"column":23}},"type":"if","locations":[{"start":{"line":254,"column":4},"end":{"line":254,"column":23}},{"start":{"line":254,"column":4},"end":{"line":254,"column":23}}],"line":254},"17":{"loc":{"start":{"line":260,"column":4},"end":{"line":260,"column":23}},"type":"if","locations":[{"start":{"line":260,"column":4},"end":{"line":260,"column":23}},{"start":{"line":260,"column":4},"end":{"line":260,"column":23}}],"line":260},"18":{"loc":{"start":{"line":266,"column":4},"end":{"line":266,"column":23}},"type":"if","locations":[{"start":{"line":266,"column":4},"end":{"line":266,"column":23}},{"start":{"line":266,"column":4},"end":{"line":266,"column":23}}],"line":266},"19":{"loc":{"start":{"line":308,"column":7},"end":{"line":324,"column":7}},"type":"binary-expr","locations":[{"start":{"line":308,"column":7},"end":{"line":308,"column":33}},{"start":{"line":309,"column":8},"end":{"line":323,"column":10}}],"line":308},"20":{"loc":{"start":{"line":326,"column":7},"end":{"line":339,"column":7}},"type":"binary-expr","locations":[{"start":{"line":326,"column":7},"end":{"line":326,"column":33}},{"start":{"line":327,"column":8},"end":{"line":338,"column":11}}],"line":326},"21":{"loc":{"start":{"line":330,"column":13},"end":{"line":336,"column":13}},"type":"binary-expr","locations":[{"start":{"line":330,"column":13},"end":{"line":330,"column":32}},{"start":{"line":331,"column":16},"end":{"line":335,"column":22}}],"line":330},"22":{"loc":{"start":{"line":349,"column":11},"end":{"line":365,"column":11}},"type":"binary-expr","locations":[{"start":{"line":349,"column":11},"end":{"line":349,"column":33}},{"start":{"line":350,"column":12},"end":{"line":364,"column":14}}],"line":349},"23":{"loc":{"start":{"line":367,"column":11},"end":{"line":382,"column":11}},"type":"binary-expr","locations":[{"start":{"line":367,"column":11},"end":{"line":367,"column":33}},{"start":{"line":368,"column":12},"end":{"line":381,"column":15}}],"line":367},"24":{"loc":{"start":{"line":371,"column":17},"end":{"line":379,"column":17}},"type":"binary-expr","locations":[{"start":{"line":371,"column":17},"end":{"line":371,"column":32}},{"start":{"line":372,"column":18},"end":{"line":378,"column":28}}],"line":371},"25":{"loc":{"start":{"line":392,"column":11},"end":{"line":408,"column":11}},"type":"binary-expr","locations":[{"start":{"line":392,"column":11},"end":{"line":392,"column":33}},{"start":{"line":393,"column":12},"end":{"line":407,"column":14}}],"line":392},"26":{"loc":{"start":{"line":410,"column":11},"end":{"line":428,"column":11}},"type":"binary-expr","locations":[{"start":{"line":410,"column":11},"end":{"line":410,"column":33}},{"start":{"line":411,"column":12},"end":{"line":427,"column":15}}],"line":410},"27":{"loc":{"start":{"line":417,"column":17},"end":{"line":425,"column":17}},"type":"binary-expr","locations":[{"start":{"line":417,"column":17},"end":{"line":417,"column":32}},{"start":{"line":418,"column":18},"end":{"line":424,"column":28}}],"line":417},"28":{"loc":{"start":{"line":438,"column":11},"end":{"line":454,"column":11}},"type":"binary-expr","locations":[{"start":{"line":438,"column":11},"end":{"line":438,"column":36}},{"start":{"line":439,"column":12},"end":{"line":453,"column":14}}],"line":438},"29":{"loc":{"start":{"line":456,"column":11},"end":{"line":471,"column":11}},"type":"binary-expr","locations":[{"start":{"line":456,"column":11},"end":{"line":456,"column":36}},{"start":{"line":457,"column":12},"end":{"line":470,"column":15}}],"line":456},"30":{"loc":{"start":{"line":460,"column":17},"end":{"line":468,"column":17}},"type":"binary-expr","locations":[{"start":{"line":460,"column":17},"end":{"line":460,"column":35}},{"start":{"line":461,"column":18},"end":{"line":467,"column":28}}],"line":460}},"s":{"0":2,"1":1,"2":2,"3":1,"4":1,"5":1,"6":1,"7":1,"8":0,"9":1,"10":1,"11":1,"12":1,"13":1,"14":1,"15":1,"16":1,"17":1,"18":1,"19":0,"20":0,"21":0,"22":1,"23":0,"24":1,"25":1,"26":0,"27":1,"28":0,"29":0,"30":0,"31":0,"32":1,"33":0,"34":0,"35":0,"36":1,"37":0,"38":0,"39":1,"40":0,"41":0,"42":0,"43":1,"44":0,"45":0,"46":0,"47":1,"48":0,"49":0,"50":0,"51":0,"52":0,"53":0,"54":0,"55":0,"56":0,"57":0,"58":1,"59":0,"60":0,"61":0,"62":0,"63":0,"64":0,"65":0,"66":0,"67":0,"68":0,"69":0,"70":0,"71":1,"72":0,"73":0,"74":0,"75":0,"76":1,"77":0,"78":0,"79":0,"80":0,"81":1,"82":0,"83":0,"84":0,"85":0,"86":1,"87":0,"88":0,"89":0,"90":0,"91":1,"92":0,"93":0,"94":0,"95":0,"96":1,"97":0,"98":0,"99":0,"100":0,"101":0,"102":0,"103":0,"104":0,"105":0},"f":{"0":1,"1":1,"2":1,"3":1,"4":0,"5":0,"6":0,"7":0,"8":0,"9":0,"10":0,"11":0,"12":0,"13":0,"14":0,"15":0,"16":0,"17":0,"18":0,"19":0,"20":0,"21":0,"22":0,"23":0,"24":0,"25":0,"26":0,"27":0,"28":0},"b":{"0":[0,0],"1":[0,0],"2":[0,0],"3":[0,0],"4":[0,0],"5":[0,0],"6":[0,0,0,0,0,0],"7":[0,0],"8":[0,0],"9":[0,0],"10":[0,0,0,0],"11":[0,0],"12":[0,0],"13":[0,0],"14":[0,0],"15":[0,0],"16":[0,0],"17":[0,0],"18":[0,0],"19":[1,0],"20":[1,1],"21":[1,1],"22":[1,0],"23":[1,1],"24":[1,1],"25":[1,0],"26":[1,1],"27":[1,1],"28":[1,0],"29":[1,1],"30":[1,1]},"_coverageSchema":"43e27e138ebf9cfc5966b082cf9a028302ed4184","hash":"2fbe456dec890ce5960550b3b19135c79d0bc7c1"}
,"/Users/ryanmartinez/Desktop/CS506/portal/client/src/components/pages/Profile/ProfileComponents/Files/Files.js": {"path":"/Users/ryanmartinez/Desktop/CS506/portal/client/src/components/pages/Profile/ProfileComponents/Files/Files.js","statementMap":{"0":{"start":{"line":13,"column":19},"end":{"line":13,"column":46}},"1":{"start":{"line":15,"column":13},"end":{"line":19,"column":2}},"2":{"start":{"line":21,"column":18},"end":{"line":40,"column":3}},"3":{"start":{"line":21,"column":39},"end":{"line":40,"column":1}},"4":{"start":{"line":43,"column":18},"end":{"line":43,"column":29}},"5":{"start":{"line":44,"column":27},"end":{"line":44,"column":67}},"6":{"start":{"line":46,"column":34},"end":{"line":48,"column":3}},"7":{"start":{"line":49,"column":34},"end":{"line":49,"column":48}},"8":{"start":{"line":50,"column":30},"end":{"line":50,"column":44}},"9":{"start":{"line":51,"column":48},"end":{"line":51,"column":62}},"10":{"start":{"line":52,"column":28},"end":{"line":52,"column":43}},"11":{"start":{"line":54,"column":22},"end":{"line":64,"column":3}},"12":{"start":{"line":55,"column":4},"end":{"line":55,"column":27}},"13":{"start":{"line":56,"column":17},"end":{"line":56,"column":38}},"14":{"start":{"line":57,"column":19},"end":{"line":57,"column":42}},"15":{"start":{"line":59,"column":4},"end":{"line":59,"column":35}},"16":{"start":{"line":60,"column":4},"end":{"line":63,"column":6}},"17":{"start":{"line":61,"column":6},"end":{"line":61,"column":39}},"18":{"start":{"line":62,"column":6},"end":{"line":62,"column":36}},"19":{"start":{"line":66,"column":2},"end":{"line":66,"column":34}},"20":{"start":{"line":70,"column":19},"end":{"line":86,"column":3}},"21":{"start":{"line":71,"column":4},"end":{"line":71,"column":27}},"22":{"start":{"line":72,"column":4},"end":{"line":72,"column":46}},"23":{"start":{"line":74,"column":4},"end":{"line":85,"column":7}},"24":{"start":{"line":75,"column":6},"end":{"line":75,"column":41}},"25":{"start":{"line":76,"column":24},"end":{"line":76,"column":38}},"26":{"start":{"line":78,"column":6},"end":{"line":81,"column":7}},"27":{"start":{"line":79,"column":8},"end":{"line":79,"column":29}},"28":{"start":{"line":80,"column":8},"end":{"line":80,"column":15}},"29":{"start":{"line":83,"column":6},"end":{"line":83,"column":29}},"30":{"start":{"line":84,"column":6},"end":{"line":84,"column":28}},"31":{"start":{"line":88,"column":2},"end":{"line":105,"column":4}}},"fnMap":{"0":{"name":"(anonymous_0)","decl":{"start":{"line":21,"column":29},"end":{"line":21,"column":30}},"loc":{"start":{"line":21,"column":39},"end":{"line":40,"column":1}},"line":21},"1":{"name":"Files","decl":{"start":{"line":42,"column":24},"end":{"line":42,"column":29}},"loc":{"start":{"line":42,"column":32},"end":{"line":106,"column":1}},"line":42},"2":{"name":"(anonymous_2)","decl":{"start":{"line":54,"column":22},"end":{"line":54,"column":23}},"loc":{"start":{"line":54,"column":31},"end":{"line":64,"column":3}},"line":54},"3":{"name":"(anonymous_3)","decl":{"start":{"line":60,"column":23},"end":{"line":60,"column":24}},"loc":{"start":{"line":60,"column":29},"end":{"line":63,"column":5}},"line":60},"4":{"name":"(anonymous_4)","decl":{"start":{"line":66,"column":12},"end":{"line":66,"column":13}},"loc":{"start":{"line":66,"column":18},"end":{"line":66,"column":20}},"line":66},"5":{"name":"(anonymous_5)","decl":{"start":{"line":70,"column":19},"end":{"line":70,"column":20}},"loc":{"start":{"line":70,"column":28},"end":{"line":86,"column":3}},"line":70},"6":{"name":"(anonymous_6)","decl":{"start":{"line":74,"column":21},"end":{"line":74,"column":22}},"loc":{"start":{"line":74,"column":40},"end":{"line":85,"column":5}},"line":74}},"branchMap":{"0":{"loc":{"start":{"line":78,"column":6},"end":{"line":81,"column":7}},"type":"if","locations":[{"start":{"line":78,"column":6},"end":{"line":81,"column":7}},{"start":{"line":78,"column":6},"end":{"line":81,"column":7}}],"line":78}},"s":{"0":1,"1":1,"2":1,"3":0,"4":0,"5":0,"6":0,"7":0,"8":0,"9":0,"10":0,"11":0,"12":0,"13":0,"14":0,"15":0,"16":0,"17":0,"18":0,"19":0,"20":0,"21":0,"22":0,"23":0,"24":0,"25":0,"26":0,"27":0,"28":0,"29":0,"30":0,"31":0},"f":{"0":0,"1":0,"2":0,"3":0,"4":0,"5":0,"6":0},"b":{"0":[0,0]},"_coverageSchema":"43e27e138ebf9cfc5966b082cf9a028302ed4184","hash":"3d91d28499c1ea7611e4e4192bf12d3fd7166cc7"}
,"/Users/ryanmartinez/Desktop/CS506/portal/client/src/components/pages/Profile/ProfileComponents/NewPrescriptionsTable/NewPrescriptionsTable.js": {"path":"/Users/ryanmartinez/Desktop/CS506/portal/client/src/components/pages/Profile/ProfileComponents/NewPrescriptionsTable/NewPrescriptionsTable.js","statementMap":{"0":{"start":{"line":5,"column":30},"end":{"line":68,"column":1}},"1":{"start":{"line":6,"column":30},"end":{"line":19,"column":6}},"2":{"start":{"line":21,"column":4},"end":{"line":67,"column":6}},"3":{"start":{"line":29,"column":16},"end":{"line":38,"column":18}},"4":{"start":{"line":30,"column":20},"end":{"line":37,"column":28}},"5":{"start":{"line":31,"column":24},"end":{"line":31,"column":34}},"6":{"start":{"line":32,"column":24},"end":{"line":36,"column":27}},"7":{"start":{"line":33,"column":41},"end":{"line":33,"column":60}},"8":{"start":{"line":34,"column":28},"end":{"line":34,"column":47}},"9":{"start":{"line":35,"column":28},"end":{"line":35,"column":58}},"10":{"start":{"line":41,"column":16},"end":{"line":52,"column":18}},"11":{"start":{"line":42,"column":20},"end":{"line":51,"column":28}},"12":{"start":{"line":43,"column":24},"end":{"line":43,"column":34}},"13":{"start":{"line":44,"column":24},"end":{"line":50,"column":25}},"14":{"start":{"line":45,"column":28},"end":{"line":49,"column":31}},"15":{"start":{"line":46,"column":45},"end":{"line":46,"column":64}},"16":{"start":{"line":47,"column":32},"end":{"line":47,"column":70}},"17":{"start":{"line":48,"column":32},"end":{"line":48,"column":62}},"18":{"start":{"line":55,"column":16},"end":{"line":64,"column":18}},"19":{"start":{"line":56,"column":20},"end":{"line":63,"column":28}},"20":{"start":{"line":57,"column":24},"end":{"line":57,"column":34}},"21":{"start":{"line":58,"column":24},"end":{"line":62,"column":31}},"22":{"start":{"line":59,"column":41},"end":{"line":59,"column":60}},"23":{"start":{"line":60,"column":28},"end":{"line":60,"column":66}},"24":{"start":{"line":61,"column":28},"end":{"line":61,"column":58}}},"fnMap":{"0":{"name":"(anonymous_0)","decl":{"start":{"line":5,"column":30},"end":{"line":5,"column":31}},"loc":{"start":{"line":5,"column":36},"end":{"line":68,"column":1}},"line":5},"1":{"name":"(anonymous_1)","decl":{"start":{"line":28,"column":22},"end":{"line":28,"column":23}},"loc":{"start":{"line":29,"column":16},"end":{"line":38,"column":18}},"line":29},"2":{"name":"(anonymous_2)","decl":{"start":{"line":29,"column":28},"end":{"line":29,"column":29}},"loc":{"start":{"line":29,"column":39},"end":{"line":38,"column":17}},"line":29},"3":{"name":"(anonymous_3)","decl":{"start":{"line":30,"column":31},"end":{"line":30,"column":32}},"loc":{"start":{"line":30,"column":37},"end":{"line":37,"column":21}},"line":30},"4":{"name":"(anonymous_4)","decl":{"start":{"line":32,"column":33},"end":{"line":32,"column":34}},"loc":{"start":{"line":32,"column":46},"end":{"line":36,"column":25}},"line":32},"5":{"name":"(anonymous_5)","decl":{"start":{"line":40,"column":25},"end":{"line":40,"column":26}},"loc":{"start":{"line":41,"column":16},"end":{"line":52,"column":18}},"line":41},"6":{"name":"(anonymous_6)","decl":{"start":{"line":41,"column":28},"end":{"line":41,"column":29}},"loc":{"start":{"line":41,"column":39},"end":{"line":52,"column":17}},"line":41},"7":{"name":"(anonymous_7)","decl":{"start":{"line":42,"column":31},"end":{"line":42,"column":32}},"loc":{"start":{"line":42,"column":37},"end":{"line":51,"column":21}},"line":42},"8":{"name":"(anonymous_8)","decl":{"start":{"line":45,"column":37},"end":{"line":45,"column":38}},"loc":{"start":{"line":45,"column":50},"end":{"line":49,"column":29}},"line":45},"9":{"name":"(anonymous_9)","decl":{"start":{"line":54,"column":25},"end":{"line":54,"column":26}},"loc":{"start":{"line":55,"column":16},"end":{"line":64,"column":18}},"line":55},"10":{"name":"(anonymous_10)","decl":{"start":{"line":55,"column":28},"end":{"line":55,"column":29}},"loc":{"start":{"line":55,"column":39},"end":{"line":64,"column":17}},"line":55},"11":{"name":"(anonymous_11)","decl":{"start":{"line":56,"column":31},"end":{"line":56,"column":32}},"loc":{"start":{"line":56,"column":37},"end":{"line":63,"column":21}},"line":56},"12":{"name":"(anonymous_12)","decl":{"start":{"line":58,"column":33},"end":{"line":58,"column":34}},"loc":{"start":{"line":58,"column":46},"end":{"line":62,"column":29}},"line":58}},"branchMap":{"0":{"loc":{"start":{"line":44,"column":24},"end":{"line":50,"column":25}},"type":"if","locations":[{"start":{"line":44,"column":24},"end":{"line":50,"column":25}},{"start":{"line":44,"column":24},"end":{"line":50,"column":25}}],"line":44}},"s":{"0":1,"1":0,"2":0,"3":0,"4":0,"5":0,"6":0,"7":0,"8":0,"9":0,"10":0,"11":0,"12":0,"13":0,"14":0,"15":0,"16":0,"17":0,"18":0,"19":0,"20":0,"21":0,"22":0,"23":0,"24":0},"f":{"0":0,"1":0,"2":0,"3":0,"4":0,"5":0,"6":0,"7":0,"8":0,"9":0,"10":0,"11":0,"12":0},"b":{"0":[0,0]},"_coverageSchema":"43e27e138ebf9cfc5966b082cf9a028302ed4184","hash":"34a712884f72d3e38048e96192c4a8aca2b38b27"}
,"/Users/ryanmartinez/Desktop/CS506/portal/client/src/components/pages/Profile/ProfileComponents/Prescriptions/Prescriptions.js": {"path":"/Users/ryanmartinez/Desktop/CS506/portal/client/src/components/pages/Profile/ProfileComponents/Prescriptions/Prescriptions.js","statementMap":{"0":{"start":{"line":25,"column":2},"end":{"line":25,"column":54}},"1":{"start":{"line":28,"column":13},"end":{"line":69,"column":1}},"2":{"start":{"line":71,"column":18},"end":{"line":78,"column":3}},"3":{"start":{"line":71,"column":39},"end":{"line":78,"column":1}},"4":{"start":{"line":84,"column":18},"end":{"line":84,"column":29}},"5":{"start":{"line":86,"column":2},"end":{"line":136,"column":3}},"6":{"start":{"line":87,"column":4},"end":{"line":135,"column":6}},"7":{"start":{"line":119,"column":14},"end":{"line":125,"column":25}},"8":{"start":{"line":138,"column":2},"end":{"line":181,"column":3}},"9":{"start":{"line":139,"column":4},"end":{"line":180,"column":6}},"10":{"start":{"line":164,"column":14},"end":{"line":170,"column":25}},"11":{"start":{"line":184,"column":0},"end":{"line":188,"column":2}}},"fnMap":{"0":{"name":"createPrescription","decl":{"start":{"line":24,"column":9},"end":{"line":24,"column":27}},"loc":{"start":{"line":24,"column":70},"end":{"line":26,"column":1}},"line":24},"1":{"name":"(anonymous_1)","decl":{"start":{"line":71,"column":29},"end":{"line":71,"column":30}},"loc":{"start":{"line":71,"column":39},"end":{"line":78,"column":1}},"line":71},"2":{"name":"Prescriptions","decl":{"start":{"line":80,"column":24},"end":{"line":80,"column":37}},"loc":{"start":{"line":83,"column":3},"end":{"line":182,"column":1}},"line":83},"3":{"name":"(anonymous_3)","decl":{"start":{"line":118,"column":22},"end":{"line":118,"column":23}},"loc":{"start":{"line":119,"column":14},"end":{"line":125,"column":25}},"line":119},"4":{"name":"(anonymous_4)","decl":{"start":{"line":163,"column":22},"end":{"line":163,"column":23}},"loc":{"start":{"line":164,"column":14},"end":{"line":170,"column":25}},"line":164}},"branchMap":{"0":{"loc":{"start":{"line":86,"column":2},"end":{"line":136,"column":3}},"type":"if","locations":[{"start":{"line":86,"column":2},"end":{"line":136,"column":3}},{"start":{"line":86,"column":2},"end":{"line":136,"column":3}}],"line":86},"1":{"loc":{"start":{"line":138,"column":2},"end":{"line":181,"column":3}},"type":"if","locations":[{"start":{"line":138,"column":2},"end":{"line":181,"column":3}},{"start":{"line":138,"column":2},"end":{"line":181,"column":3}}],"line":138}},"s":{"0":5,"1":1,"2":1,"3":0,"4":0,"5":0,"6":0,"7":0,"8":0,"9":0,"10":0,"11":1},"f":{"0":5,"1":0,"2":0,"3":0,"4":0},"b":{"0":[0,0],"1":[0,0]},"_coverageSchema":"43e27e138ebf9cfc5966b082cf9a028302ed4184","hash":"314994a2fd25aa861fa95b1225db20d401c43d14"}
,"/Users/ryanmartinez/Desktop/CS506/portal/client/src/context/patient/PatientContext.js": {"path":"/Users/ryanmartinez/Desktop/CS506/portal/client/src/context/patient/PatientContext.js","statementMap":{"0":{"start":{"line":3,"column":23},"end":{"line":3,"column":38}}},"fnMap":{},"branchMap":{},"s":{"0":7},"f":{},"b":{},"_coverageSchema":"43e27e138ebf9cfc5966b082cf9a028302ed4184","hash":"a539cba20258bc1d35b847759f78c8ef40a3f552"}
,"/Users/ryanmartinez/Desktop/CS506/portal/client/src/context/patient/PatientState.js": {"path":"/Users/ryanmartinez/Desktop/CS506/portal/client/src/context/patient/PatientState.js","statementMap":{"0":{"start":{"line":4,"column":21},"end":{"line":174,"column":1}},"1":{"start":{"line":5,"column":21},"end":{"line":32,"column":3}},"2":{"start":{"line":7,"column":32},"end":{"line":7,"column":34}},"3":{"start":{"line":8,"column":6},"end":{"line":27,"column":7}},"4":{"start":{"line":9,"column":8},"end":{"line":19,"column":13}},"5":{"start":{"line":13,"column":12},"end":{"line":13,"column":47}},"6":{"start":{"line":14,"column":12},"end":{"line":14,"column":44}},"7":{"start":{"line":15,"column":12},"end":{"line":15,"column":43}},"8":{"start":{"line":16,"column":12},"end":{"line":16,"column":43}},"9":{"start":{"line":17,"column":12},"end":{"line":17,"column":46}},"10":{"start":{"line":18,"column":12},"end":{"line":18,"column":49}},"11":{"start":{"line":21,"column":8},"end":{"line":21,"column":38}},"12":{"start":{"line":22,"column":8},"end":{"line":22,"column":36}},"13":{"start":{"line":23,"column":8},"end":{"line":23,"column":35}},"14":{"start":{"line":24,"column":8},"end":{"line":24,"column":35}},"15":{"start":{"line":25,"column":8},"end":{"line":25,"column":37}},"16":{"start":{"line":26,"column":8},"end":{"line":26,"column":41}},"17":{"start":{"line":28,"column":6},"end":{"line":28,"column":31}},"18":{"start":{"line":30,"column":16},"end":{"line":30,"column":45}},"19":{"start":{"line":31,"column":4},"end":{"line":31,"column":15}},"20":{"start":{"line":34,"column":27},"end":{"line":55,"column":3}},"21":{"start":{"line":35,"column":30},"end":{"line":35,"column":32}},"22":{"start":{"line":36,"column":4},"end":{"line":53,"column":5}},"23":{"start":{"line":37,"column":6},"end":{"line":46,"column":11}},"24":{"start":{"line":41,"column":10},"end":{"line":41,"column":50}},"25":{"start":{"line":42,"column":10},"end":{"line":42,"column":56}},"26":{"start":{"line":43,"column":10},"end":{"line":43,"column":54}},"27":{"start":{"line":44,"column":10},"end":{"line":44,"column":56}},"28":{"start":{"line":45,"column":10},"end":{"line":45,"column":57}},"29":{"start":{"line":48,"column":6},"end":{"line":48,"column":41}},"30":{"start":{"line":49,"column":6},"end":{"line":49,"column":48}},"31":{"start":{"line":50,"column":6},"end":{"line":50,"column":45}},"32":{"start":{"line":51,"column":6},"end":{"line":51,"column":48}},"33":{"start":{"line":52,"column":6},"end":{"line":52,"column":49}},"34":{"start":{"line":54,"column":4},"end":{"line":54,"column":29}},"35":{"start":{"line":57,"column":28},"end":{"line":96,"column":3}},"36":{"start":{"line":60,"column":23},"end":{"line":60,"column":37}},"37":{"start":{"line":61,"column":8},"end":{"line":61,"column":28}},"38":{"start":{"line":62,"column":8},"end":{"line":62,"column":22}},"39":{"start":{"line":64,"column":27},"end":{"line":64,"column":29}},"40":{"start":{"line":65,"column":6},"end":{"line":92,"column":7}},"41":{"start":{"line":66,"column":8},"end":{"line":73,"column":13}},"42":{"start":{"line":70,"column":12},"end":{"line":70,"column":67}},"43":{"start":{"line":71,"column":12},"end":{"line":71,"column":69}},"44":{"start":{"line":72,"column":12},"end":{"line":72,"column":55}},"45":{"start":{"line":74,"column":8},"end":{"line":81,"column":13}},"46":{"start":{"line":78,"column":12},"end":{"line":78,"column":54}},"47":{"start":{"line":79,"column":12},"end":{"line":79,"column":55}},"48":{"start":{"line":80,"column":12},"end":{"line":80,"column":56}},"49":{"start":{"line":82,"column":8},"end":{"line":82,"column":28}},"50":{"start":{"line":84,"column":8},"end":{"line":84,"column":34}},"51":{"start":{"line":85,"column":8},"end":{"line":85,"column":36}},"52":{"start":{"line":86,"column":8},"end":{"line":86,"column":35}},"53":{"start":{"line":87,"column":8},"end":{"line":87,"column":34}},"54":{"start":{"line":88,"column":8},"end":{"line":88,"column":35}},"55":{"start":{"line":89,"column":8},"end":{"line":89,"column":36}},"56":{"start":{"line":90,"column":8},"end":{"line":90,"column":27}},"57":{"start":{"line":91,"column":8},"end":{"line":91,"column":28}},"58":{"start":{"line":94,"column":21},"end":{"line":94,"column":61}},"59":{"start":{"line":95,"column":4},"end":{"line":95,"column":20}},"60":{"start":{"line":98,"column":21},"end":{"line":117,"column":3}},"61":{"start":{"line":107,"column":4},"end":{"line":116,"column":8}},"62":{"start":{"line":114,"column":10},"end":{"line":114,"column":29}},"63":{"start":{"line":119,"column":26},"end":{"line":138,"column":3}},"64":{"start":{"line":128,"column":4},"end":{"line":137,"column":8}},"65":{"start":{"line":135,"column":10},"end":{"line":135,"column":29}},"66":{"start":{"line":140,"column":22},"end":{"line":158,"column":3}},"67":{"start":{"line":148,"column":4},"end":{"line":157,"column":8}},"68":{"start":{"line":155,"column":10},"end":{"line":155,"column":29}},"69":{"start":{"line":160,"column":2},"end":{"line":173,"column":4}}},"fnMap":{"0":{"name":"(anonymous_0)","decl":{"start":{"line":4,"column":21},"end":{"line":4,"column":22}},"loc":{"start":{"line":4,"column":30},"end":{"line":174,"column":1}},"line":4},"1":{"name":"(anonymous_1)","decl":{"start":{"line":5,"column":21},"end":{"line":5,"column":22}},"loc":{"start":{"line":5,"column":50},"end":{"line":32,"column":3}},"line":5},"2":{"name":"temp","decl":{"start":{"line":6,"column":19},"end":{"line":6,"column":23}},"loc":{"start":{"line":6,"column":43},"end":{"line":29,"column":5}},"line":6},"3":{"name":"(anonymous_3)","decl":{"start":{"line":12,"column":16},"end":{"line":12,"column":17}},"loc":{"start":{"line":12,"column":30},"end":{"line":19,"column":11}},"line":12},"4":{"name":"(anonymous_4)","decl":{"start":{"line":34,"column":27},"end":{"line":34,"column":28}},"loc":{"start":{"line":34,"column":56},"end":{"line":55,"column":3}},"line":34},"5":{"name":"(anonymous_5)","decl":{"start":{"line":40,"column":14},"end":{"line":40,"column":15}},"loc":{"start":{"line":40,"column":28},"end":{"line":46,"column":9}},"line":40},"6":{"name":"(anonymous_6)","decl":{"start":{"line":57,"column":28},"end":{"line":57,"column":29}},"loc":{"start":{"line":57,"column":57},"end":{"line":96,"column":3}},"line":57},"7":{"name":"medical_history","decl":{"start":{"line":58,"column":19},"end":{"line":58,"column":34}},"loc":{"start":{"line":58,"column":54},"end":{"line":93,"column":5}},"line":58},"8":{"name":"get_string","decl":{"start":{"line":59,"column":15},"end":{"line":59,"column":25}},"loc":{"start":{"line":59,"column":31},"end":{"line":63,"column":7}},"line":59},"9":{"name":"(anonymous_9)","decl":{"start":{"line":69,"column":16},"end":{"line":69,"column":17}},"loc":{"start":{"line":69,"column":30},"end":{"line":73,"column":11}},"line":69},"10":{"name":"(anonymous_10)","decl":{"start":{"line":77,"column":16},"end":{"line":77,"column":17}},"loc":{"start":{"line":77,"column":30},"end":{"line":81,"column":11}},"line":77},"11":{"name":"(anonymous_11)","decl":{"start":{"line":98,"column":21},"end":{"line":98,"column":22}},"loc":{"start":{"line":106,"column":7},"end":{"line":117,"column":3}},"line":106},"12":{"name":"(anonymous_12)","decl":{"start":{"line":113,"column":8},"end":{"line":113,"column":9}},"loc":{"start":{"line":113,"column":17},"end":{"line":115,"column":9}},"line":113},"13":{"name":"(anonymous_13)","decl":{"start":{"line":119,"column":26},"end":{"line":119,"column":27}},"loc":{"start":{"line":127,"column":7},"end":{"line":138,"column":3}},"line":127},"14":{"name":"(anonymous_14)","decl":{"start":{"line":134,"column":8},"end":{"line":134,"column":9}},"loc":{"start":{"line":134,"column":17},"end":{"line":136,"column":9}},"line":134},"15":{"name":"(anonymous_15)","decl":{"start":{"line":140,"column":22},"end":{"line":140,"column":23}},"loc":{"start":{"line":147,"column":7},"end":{"line":158,"column":3}},"line":147},"16":{"name":"(anonymous_16)","decl":{"start":{"line":154,"column":8},"end":{"line":154,"column":9}},"loc":{"start":{"line":154,"column":17},"end":{"line":156,"column":9}},"line":154}},"branchMap":{},"s":{"0":1,"1":1,"2":0,"3":0,"4":0,"5":0,"6":0,"7":0,"8":0,"9":0,"10":0,"11":0,"12":0,"13":0,"14":0,"15":0,"16":0,"17":0,"18":0,"19":0,"20":1,"21":0,"22":0,"23":0,"24":0,"25":0,"26":0,"27":0,"28":0,"29":0,"30":0,"31":0,"32":0,"33":0,"34":0,"35":1,"36":0,"37":0,"38":0,"39":0,"40":0,"41":0,"42":0,"43":0,"44":0,"45":0,"46":0,"47":0,"48":0,"49":0,"50":0,"51":0,"52":0,"53":0,"54":0,"55":0,"56":0,"57":0,"58":0,"59":0,"60":1,"61":0,"62":0,"63":1,"64":0,"65":0,"66":1,"67":0,"68":0,"69":1},"f":{"0":1,"1":0,"2":0,"3":0,"4":0,"5":0,"6":0,"7":0,"8":0,"9":0,"10":0,"11":0,"12":0,"13":0,"14":0,"15":0,"16":0},"b":{},"_coverageSchema":"43e27e138ebf9cfc5966b082cf9a028302ed4184","hash":"cb4c3bf27c938aaa8de61ebac75718b6028a8c04"}
}
