TN:
SF:/Users/ryanmartinez/Desktop/CS506/portal/client/src/App.js
FN:30,docCheck
FN:37,(anonymous_1)
FN:43,App
FN:68,(anonymous_3)
FN:75,(anonymous_4)
FN:83,(anonymous_5)
FN:84,connectMetamask
FN:110,(anonymous_7)
FN:111,(anonymous_8)
FN:118,(anonymous_9)
FN:133,(anonymous_10)
FN:140,(anonymous_11)
FN:154,(anonymous_12)
FN:160,(anonymous_13)
FN:164,(anonymous_14)
FN:174,(anonymous_15)
FN:179,(anonymous_16)
FN:195,(anonymous_17)
FN:206,(anonymous_18)
FN:220,(anonymous_19)
FN:239,(anonymous_20)
FN:246,(anonymous_21)
FN:254,(anonymous_22)
FN:281,(anonymous_23)
FNF:24
FNH:0
FNDA:0,docCheck
FNDA:0,(anonymous_1)
FNDA:0,App
FNDA:0,(anonymous_3)
FNDA:0,(anonymous_4)
FNDA:0,(anonymous_5)
FNDA:0,connectMetamask
FNDA:0,(anonymous_7)
FNDA:0,(anonymous_8)
FNDA:0,(anonymous_9)
FNDA:0,(anonymous_10)
FNDA:0,(anonymous_11)
FNDA:0,(anonymous_12)
FNDA:0,(anonymous_13)
FNDA:0,(anonymous_14)
FNDA:0,(anonymous_15)
FNDA:0,(anonymous_16)
FNDA:0,(anonymous_17)
FNDA:0,(anonymous_18)
FNDA:0,(anonymous_19)
FNDA:0,(anonymous_20)
FNDA:0,(anonymous_21)
FNDA:0,(anonymous_22)
FNDA:0,(anonymous_23)
DA:31,0
DA:32,0
DA:38,0
DA:40,0
DA:44,0
DA:45,0
DA:46,0
DA:52,0
DA:53,0
DA:55,0
DA:61,0
DA:68,0
DA:69,0
DA:75,0
DA:76,0
DA:83,0
DA:85,0
DA:86,0
DA:87,0
DA:88,0
DA:89,0
DA:90,0
DA:94,0
DA:99,0
DA:100,0
DA:101,0
DA:102,0
DA:104,0
DA:105,0
DA:106,0
DA:110,0
DA:111,0
DA:112,0
DA:113,0
DA:114,0
DA:115,0
DA:118,0
DA:119,0
DA:120,0
DA:121,0
DA:122,0
DA:123,0
DA:124,0
DA:133,0
DA:134,0
DA:135,0
DA:138,0
DA:140,0
DA:141,0
DA:144,0
DA:145,0
DA:154,0
DA:161,0
DA:165,0
DA:175,0
DA:180,0
DA:196,0
DA:207,0
DA:220,0
DA:230,0
DA:231,0
DA:239,0
DA:247,0
DA:255,0
DA:273,0
DA:281,0
LF:66
LH:0
BRDA:68,0,0,0
BRDA:75,1,0,0
BRDA:78,2,0,0
BRDA:78,2,1,0
BRDA:92,3,0,0
BRDA:92,3,1,0
BRDA:112,4,0,0
BRDA:112,4,1,0
BRDA:114,5,0,0
BRDA:114,5,1,0
BRDA:121,6,0,0
BRDA:121,6,1,0
BRDA:123,7,0,0
BRDA:123,7,1,0
BRDA:144,8,0,0
BRDA:144,8,1,0
BRDA:147,9,0,0
BRDA:147,9,1,0
BRDA:149,10,0,0
BRDA:149,10,1,0
BRDA:153,11,0,0
BRDA:153,11,1,0
BRDA:230,12,0,0
BRDA:230,12,1,0
BRDA:233,13,0,0
BRDA:233,13,1,0
BRDA:235,14,0,0
BRDA:235,14,1,0
BRDA:238,15,0,0
BRDA:238,15,1,0
BRDA:275,16,0,0
BRDA:275,16,1,0
BRDA:277,17,0,0
BRDA:277,17,1,0
BRDA:280,18,0,0
BRDA:280,18,1,0
BRF:36
BRH:0
end_of_record
TN:
SF:/Users/ryanmartinez/Desktop/CS506/portal/client/src/components/layout/Dialog/DialogHost/DialogHost.js
FN:10,(anonymous_0)
FNF:1
FNH:1
FNDA:2,(anonymous_0)
DA:10,1
DA:11,2
DA:12,0
DA:14,0
DA:49,1
LF:5
LH:3
BRF:0
BRH:0
end_of_record
TN:
SF:/Users/ryanmartinez/Desktop/CS506/portal/client/src/components/layout/Dialog/PatientFormDialog/PatientFormDialog.js
FN:55,(anonymous_0)
FN:71,(anonymous_1)
FN:87,(anonymous_2)
FN:106,(anonymous_3)
FN:122,(anonymous_4)
FN:139,(anonymous_5)
FN:155,(anonymous_6)
FN:165,(anonymous_7)
FN:185,(anonymous_8)
FN:207,(anonymous_9)
FN:211,(anonymous_10)
FN:216,(anonymous_11)
FN:298,(anonymous_12)
FN:302,(anonymous_13)
FN:312,(anonymous_14)
FN:321,(anonymous_15)
FN:412,(anonymous_16)
FN:416,(anonymous_17)
FN:428,(anonymous_18)
FN:437,(anonymous_19)
FNF:20
FNH:1
FNDA:0,(anonymous_0)
FNDA:0,(anonymous_1)
FNDA:0,(anonymous_2)
FNDA:0,(anonymous_3)
FNDA:0,(anonymous_4)
FNDA:0,(anonymous_5)
FNDA:1,(anonymous_6)
FNDA:0,(anonymous_7)
FNDA:0,(anonymous_8)
FNDA:0,(anonymous_9)
FNDA:0,(anonymous_10)
FNDA:0,(anonymous_11)
FNDA:0,(anonymous_12)
FNDA:0,(anonymous_13)
FNDA:0,(anonymous_14)
FNDA:0,(anonymous_15)
FNDA:0,(anonymous_16)
FNDA:0,(anonymous_17)
FNDA:0,(anonymous_18)
FNDA:0,(anonymous_19)
DA:49,2
DA:55,2
DA:56,0
DA:57,0
DA:58,0
DA:71,2
DA:72,0
DA:73,0
DA:74,0
DA:87,2
DA:88,0
DA:89,0
DA:90,0
DA:106,2
DA:107,0
DA:108,0
DA:109,0
DA:122,2
DA:123,0
DA:124,0
DA:128,2
DA:140,0
DA:155,2
DA:156,1
DA:164,1
DA:165,1
DA:166,0
DA:168,0
DA:169,0
DA:170,0
DA:171,0
DA:173,0
DA:175,0
DA:186,0
DA:187,0
DA:191,1
DA:208,0
DA:209,0
DA:211,0
DA:212,0
DA:217,0
DA:299,0
DA:303,0
DA:313,0
DA:321,0
DA:413,0
DA:417,0
DA:429,0
DA:437,0
DA:482,2
LF:50
LH:13
BRDA:57,0,0,0
BRDA:57,0,1,0
BRDA:57,1,0,0
BRDA:57,1,1,0
BRDA:73,2,0,0
BRDA:73,2,1,0
BRDA:73,3,0,0
BRDA:73,3,1,0
BRDA:89,4,0,0
BRDA:89,4,1,0
BRDA:89,5,0,0
BRDA:89,5,1,0
BRDA:108,6,0,0
BRDA:108,6,1,0
BRDA:108,7,0,0
BRDA:108,7,1,0
BRF:16
BRH:0
end_of_record
TN:
SF:/Users/ryanmartinez/Desktop/CS506/portal/client/src/components/layout/Dialog/PrescriptionFormDialog/PrescriptionFormDialog.js
FN:33,(anonymous_0)
FN:55,(anonymous_1)
FN:72,(anonymous_2)
FN:86,(anonymous_3)
FN:102,(anonymous_4)
FN:121,(anonymous_5)
FN:143,(anonymous_6)
FN:164,(anonymous_7)
FN:168,(anonymous_8)
FN:213,(anonymous_9)
FN:220,(anonymous_10)
FN:274,(anonymous_11)
FN:278,(anonymous_12)
FN:289,(anonymous_13)
FN:302,(anonymous_14)
FN:363,(anonymous_15)
FN:367,(anonymous_16)
FN:378,(anonymous_17)
FN:391,(anonymous_18)
FNF:19
FNH:2
FNDA:1,(anonymous_0)
FNDA:0,(anonymous_1)
FNDA:0,(anonymous_2)
FNDA:0,(anonymous_3)
FNDA:0,(anonymous_4)
FNDA:0,(anonymous_5)
FNDA:0,(anonymous_6)
FNDA:1,(anonymous_7)
FNDA:0,(anonymous_8)
FNDA:0,(anonymous_9)
FNDA:0,(anonymous_10)
FNDA:0,(anonymous_11)
FNDA:0,(anonymous_12)
FNDA:0,(anonymous_13)
FNDA:0,(anonymous_14)
FNDA:0,(anonymous_15)
FNDA:0,(anonymous_16)
FNDA:0,(anonymous_17)
FNDA:0,(anonymous_18)
DA:33,2
DA:55,2
DA:56,0
DA:57,0
DA:58,0
DA:72,2
DA:73,0
DA:74,0
DA:75,0
DA:86,2
DA:87,0
DA:88,0
DA:89,0
DA:102,2
DA:103,0
DA:104,0
DA:105,0
DA:121,2
DA:122,0
DA:123,0
DA:124,0
DA:143,2
DA:144,0
DA:145,0
DA:155,2
DA:164,2
DA:165,1
DA:166,1
DA:168,1
DA:169,0
DA:170,0
DA:171,0
DA:172,0
DA:173,0
DA:174,0
DA:179,0
DA:180,0
DA:181,0
DA:182,0
DA:183,0
DA:184,0
DA:195,0
DA:198,1
DA:214,0
DA:216,0
DA:217,0
DA:221,0
DA:275,0
DA:279,0
DA:290,0
DA:302,0
DA:364,0
DA:368,0
DA:379,0
DA:391,0
DA:428,2
LF:56
LH:14
BRDA:57,0,0,0
BRDA:57,0,1,0
BRDA:57,1,0,0
BRDA:57,1,1,0
BRDA:74,2,0,0
BRDA:74,2,1,0
BRDA:74,3,0,0
BRDA:74,3,1,0
BRDA:88,4,0,0
BRDA:88,4,1,0
BRDA:88,5,0,0
BRDA:88,5,1,0
BRDA:104,6,0,0
BRDA:104,6,1,0
BRDA:104,7,0,0
BRDA:104,7,1,0
BRDA:123,8,0,0
BRDA:123,8,1,0
BRDA:123,9,0,0
BRDA:123,9,1,0
BRDA:173,10,0,0
BRDA:173,10,1,0
BRF:22
BRH:0
end_of_record
TN:
SF:/Users/ryanmartinez/Desktop/CS506/portal/client/src/components/layout/Loading/Loading.js
FN:5,(anonymous_0)
FNF:1
FNH:1
FNDA:2,(anonymous_0)
DA:5,1
DA:6,2
LF:2
LH:2
BRF:0
BRH:0
end_of_record
TN:
SF:/Users/ryanmartinez/Desktop/CS506/portal/client/src/components/layout/Navbar/Navbar.js
FN:29,(anonymous_0)
FNF:1
FNH:1
FNDA:1,(anonymous_0)
DA:20,1
DA:29,1
DA:30,1
DA:31,1
DA:71,1
LF:5
LH:5
BRDA:33,0,0,0
BRDA:33,0,1,1
BRDA:50,1,0,1
BRDA:50,1,1,0
BRF:4
BRH:2
end_of_record
TN:
SF:/Users/ryanmartinez/Desktop/CS506/portal/client/src/components/pages/Landing/Landing.js
FN:24,(anonymous_0)
FN:56,(anonymous_1)
FN:64,(anonymous_2)
FN:67,(anonymous_3)
FN:99,(anonymous_4)
FN:130,(anonymous_5)
FNF:6
FNH:3
FNDA:3,(anonymous_0)
FNDA:3,(anonymous_1)
FNDA:0,(anonymous_2)
FNDA:1,(anonymous_3)
FNDA:0,(anonymous_4)
FNDA:0,(anonymous_5)
DA:24,3
DA:56,1
DA:57,3
DA:60,3
DA:62,3
DA:64,3
DA:65,0
DA:67,3
DA:68,1
DA:69,1
DA:70,0
DA:74,3
DA:75,0
DA:99,0
DA:107,3
DA:108,1
DA:130,0
DA:150,2
DA:167,1
LF:19
LH:14
BRDA:56,0,0,0
BRDA:69,1,0,0
BRDA:69,1,1,1
BRDA:74,2,0,0
BRDA:74,2,1,3
BRDA:107,3,0,1
BRDA:107,3,1,2
BRDA:107,4,0,3
BRDA:107,4,1,3
BRF:9
BRH:6
end_of_record
TN:
SF:/Users/ryanmartinez/Desktop/CS506/portal/client/src/components/pages/NotFound/NotFound.js
FN:10,(anonymous_0)
FN:32,(anonymous_1)
FNF:2
FNH:2
FNDA:2,(anonymous_0)
FNDA:2,(anonymous_1)
DA:10,2
DA:32,1
DA:33,2
DA:35,2
LF:4
LH:4
BRF:0
BRH:0
end_of_record
TN:
SF:/Users/ryanmartinez/Desktop/CS506/portal/client/src/components/pages/Profile/OutdatedProfile.js
FN:34,(anonymous_0)
FN:83,(anonymous_1)
FN:106,(anonymous_2)
FN:107,(anonymous_3)
FN:123,(anonymous_4)
FN:128,(anonymous_5)
FN:143,(anonymous_6)
FN:149,(anonymous_7)
FN:154,(anonymous_8)
FN:156,(anonymous_9)
FN:163,(anonymous_10)
FN:168,(anonymous_11)
FN:174,(anonymous_12)
FN:196,(anonymous_13)
FN:210,(anonymous_14)
FN:216,(anonymous_15)
FN:222,(anonymous_16)
FN:228,(anonymous_17)
FN:234,(anonymous_18)
FN:274,(anonymous_19)
FN:286,(anonymous_20)
FN:319,(anonymous_21)
FN:331,(anonymous_22)
FN:364,(anonymous_23)
FN:376,(anonymous_24)
FN:408,(anonymous_25)
FN:420,(anonymous_26)
FNF:27
FNH:0
FNDA:0,(anonymous_0)
FNDA:0,(anonymous_1)
FNDA:0,(anonymous_2)
FNDA:0,(anonymous_3)
FNDA:0,(anonymous_4)
FNDA:0,(anonymous_5)
FNDA:0,(anonymous_6)
FNDA:0,(anonymous_7)
FNDA:0,(anonymous_8)
FNDA:0,(anonymous_9)
FNDA:0,(anonymous_10)
FNDA:0,(anonymous_11)
FNDA:0,(anonymous_12)
FNDA:0,(anonymous_13)
FNDA:0,(anonymous_14)
FNDA:0,(anonymous_15)
FNDA:0,(anonymous_16)
FNDA:0,(anonymous_17)
FNDA:0,(anonymous_18)
FNDA:0,(anonymous_19)
FNDA:0,(anonymous_20)
FNDA:0,(anonymous_21)
FNDA:0,(anonymous_22)
FNDA:0,(anonymous_23)
FNDA:0,(anonymous_24)
FNDA:0,(anonymous_25)
FNDA:0,(anonymous_26)
DA:34,0
DA:83,0
DA:84,0
DA:85,0
DA:87,0
DA:97,0
DA:106,0
DA:107,0
DA:108,0
DA:109,0
DA:111,0
DA:115,0
DA:116,0
DA:117,0
DA:118,0
DA:119,0
DA:120,0
DA:123,0
DA:124,0
DA:125,0
DA:128,0
DA:129,0
DA:136,0
DA:137,0
DA:143,0
DA:144,0
DA:145,0
DA:146,0
DA:149,0
DA:150,0
DA:151,0
DA:154,0
DA:155,0
DA:156,0
DA:157,0
DA:159,0
DA:160,0
DA:163,0
DA:164,0
DA:165,0
DA:168,0
DA:169,0
DA:170,0
DA:174,0
DA:175,0
DA:177,0
DA:178,0
DA:180,0
DA:181,0
DA:183,0
DA:184,0
DA:186,0
DA:187,0
DA:189,0
DA:190,0
DA:192,0
DA:196,0
DA:197,0
DA:198,0
DA:199,0
DA:200,0
DA:201,0
DA:202,0
DA:203,0
DA:204,0
DA:205,0
DA:210,0
DA:211,0
DA:212,0
DA:213,0
DA:216,0
DA:217,0
DA:218,0
DA:219,0
DA:222,0
DA:223,0
DA:224,0
DA:225,0
DA:228,0
DA:229,0
DA:230,0
DA:231,0
DA:234,0
DA:235,0
DA:236,0
DA:237,0
DA:240,0
DA:274,0
DA:286,0
DA:319,0
DA:331,0
DA:364,0
DA:376,0
DA:408,0
DA:420,0
LF:95
LH:0
BRDA:83,0,0,0
BRDA:85,1,0,0
BRDA:85,1,1,0
BRDA:124,2,0,0
BRDA:124,2,1,0
BRDA:136,3,0,0
BRDA:136,3,1,0
BRDA:136,4,0,0
BRDA:136,4,1,0
BRDA:144,5,0,0
BRDA:144,5,1,0
BRDA:150,6,0,0
BRDA:150,6,1,0
BRDA:155,7,0,0
BRDA:155,7,1,0
BRDA:164,8,0,0
BRDA:164,8,1,0
BRDA:169,9,0,0
BRDA:169,9,1,0
BRDA:175,10,0,0
BRDA:175,10,1,0
BRDA:175,10,2,0
BRDA:175,10,3,0
BRDA:175,10,4,0
BRDA:175,10,5,0
BRDA:197,11,0,0
BRDA:197,11,1,0
BRDA:197,12,0,0
BRDA:197,12,1,0
BRDA:198,13,0,0
BRDA:198,13,1,0
BRDA:198,14,0,0
BRDA:198,14,1,0
BRDA:198,14,2,0
BRDA:198,14,3,0
BRDA:200,15,0,0
BRDA:200,15,1,0
BRDA:201,16,0,0
BRDA:201,16,1,0
BRDA:203,17,0,0
BRDA:203,17,1,0
BRDA:211,18,0,0
BRDA:211,18,1,0
BRDA:217,19,0,0
BRDA:217,19,1,0
BRDA:223,20,0,0
BRDA:223,20,1,0
BRDA:229,21,0,0
BRDA:229,21,1,0
BRDA:235,22,0,0
BRDA:235,22,1,0
BRDA:260,23,0,0
BRDA:260,23,1,0
BRDA:279,24,0,0
BRDA:279,24,1,0
BRDA:283,25,0,0
BRDA:283,25,1,0
BRDA:305,26,0,0
BRDA:305,26,1,0
BRDA:324,27,0,0
BRDA:324,27,1,0
BRDA:328,28,0,0
BRDA:328,28,1,0
BRDA:350,29,0,0
BRDA:350,29,1,0
BRDA:369,30,0,0
BRDA:369,30,1,0
BRDA:373,31,0,0
BRDA:373,31,1,0
BRDA:394,32,0,0
BRDA:394,32,1,0
BRDA:413,33,0,0
BRDA:413,33,1,0
BRDA:417,34,0,0
BRDA:417,34,1,0
BRF:75
BRH:0
end_of_record
TN:
SF:/Users/ryanmartinez/Desktop/CS506/portal/client/src/components/pages/Profile/Profile.js
FN:19,(anonymous_0)
FN:46,(anonymous_1)
FN:66,(anonymous_2)
FNF:3
FNH:2
FNDA:1,(anonymous_0)
FNDA:2,(anonymous_1)
FNDA:0,(anonymous_2)
DA:19,1
DA:46,1
DA:53,2
DA:54,2
DA:56,2
DA:57,0
DA:66,0
DA:77,2
DA:108,1
LF:9
LH:7
BRDA:56,0,0,0
BRDA:56,0,1,2
BRF:2
BRH:1
end_of_record
TN:
SF:/Users/ryanmartinez/Desktop/CS506/portal/client/src/components/pages/Profile/ProfileComponents/BasicInfo/BasicInfo.js
FN:35,(anonymous_0)
FN:92,(anonymous_1)
FN:106,(anonymous_2)
FN:112,(anonymous_3)
FN:133,(anonymous_4)
FN:139,(anonymous_5)
FN:149,(anonymous_6)
FN:163,(anonymous_7)
FN:175,(anonymous_8)
FN:181,(anonymous_9)
FN:186,(anonymous_10)
FN:195,(anonymous_11)
FN:200,(anonymous_12)
FN:206,(anonymous_13)
FN:226,(anonymous_14)
FN:241,(anonymous_15)
FN:247,(anonymous_16)
FN:253,(anonymous_17)
FN:259,(anonymous_18)
FN:265,(anonymous_19)
FN:279,(anonymous_20)
FN:321,(anonymous_21)
FN:332,(anonymous_22)
FN:362,(anonymous_23)
FN:374,(anonymous_24)
FN:405,(anonymous_25)
FN:420,(anonymous_26)
FN:451,(anonymous_27)
FN:463,(anonymous_28)
FNF:29
FNH:4
FNDA:1,(anonymous_0)
FNDA:1,(anonymous_1)
FNDA:1,(anonymous_2)
FNDA:1,(anonymous_3)
FNDA:0,(anonymous_4)
FNDA:0,(anonymous_5)
FNDA:0,(anonymous_6)
FNDA:0,(anonymous_7)
FNDA:0,(anonymous_8)
FNDA:0,(anonymous_9)
FNDA:0,(anonymous_10)
FNDA:0,(anonymous_11)
FNDA:0,(anonymous_12)
FNDA:0,(anonymous_13)
FNDA:0,(anonymous_14)
FNDA:0,(anonymous_15)
FNDA:0,(anonymous_16)
FNDA:0,(anonymous_17)
FNDA:0,(anonymous_18)
FNDA:0,(anonymous_19)
FNDA:0,(anonymous_20)
FNDA:0,(anonymous_21)
FNDA:0,(anonymous_22)
FNDA:0,(anonymous_23)
FNDA:0,(anonymous_24)
FNDA:0,(anonymous_25)
FNDA:0,(anonymous_26)
FNDA:0,(anonymous_27)
FNDA:0,(anonymous_28)
DA:35,2
DA:92,2
DA:93,1
DA:94,1
DA:96,1
DA:106,1
DA:107,1
DA:108,0
DA:112,1
DA:113,1
DA:117,1
DA:125,1
DA:126,1
DA:127,1
DA:128,1
DA:129,1
DA:130,1
DA:133,1
DA:134,0
DA:135,0
DA:139,1
DA:140,0
DA:149,1
DA:163,1
DA:164,0
DA:175,1
DA:176,0
DA:177,0
DA:178,0
DA:181,1
DA:182,0
DA:183,0
DA:186,1
DA:187,0
DA:195,1
DA:196,0
DA:197,0
DA:200,1
DA:201,0
DA:202,0
DA:206,1
DA:207,0
DA:209,0
DA:210,0
DA:212,0
DA:213,0
DA:215,0
DA:216,0
DA:218,0
DA:219,0
DA:221,0
DA:226,1
DA:227,0
DA:228,0
DA:229,0
DA:230,0
DA:231,0
DA:232,0
DA:233,0
DA:234,0
DA:235,0
DA:236,0
DA:241,1
DA:242,0
DA:243,0
DA:244,0
DA:247,1
DA:248,0
DA:249,0
DA:250,0
DA:253,1
DA:254,0
DA:255,0
DA:256,0
DA:259,1
DA:260,0
DA:261,0
DA:262,0
DA:265,1
DA:266,0
DA:267,0
DA:268,0
DA:271,1
DA:279,0
DA:321,0
DA:332,0
DA:362,0
DA:374,0
DA:405,0
DA:420,0
DA:451,0
DA:463,0
LF:92
LH:33
BRDA:134,0,0,0
BRDA:134,0,1,0
BRDA:176,1,0,0
BRDA:176,1,1,0
BRDA:182,2,0,0
BRDA:182,2,1,0
BRDA:187,3,0,0
BRDA:187,3,1,0
BRDA:196,4,0,0
BRDA:196,4,1,0
BRDA:201,5,0,0
BRDA:201,5,1,0
BRDA:207,6,0,0
BRDA:207,6,1,0
BRDA:207,6,2,0
BRDA:207,6,3,0
BRDA:207,6,4,0
BRDA:207,6,5,0
BRDA:227,7,0,0
BRDA:227,7,1,0
BRDA:227,8,0,0
BRDA:227,8,1,0
BRDA:228,9,0,0
BRDA:228,9,1,0
BRDA:228,10,0,0
BRDA:228,10,1,0
BRDA:228,10,2,0
BRDA:228,10,3,0
BRDA:231,11,0,0
BRDA:231,11,1,0
BRDA:232,12,0,0
BRDA:232,12,1,0
BRDA:234,13,0,0
BRDA:234,13,1,0
BRDA:242,14,0,0
BRDA:242,14,1,0
BRDA:248,15,0,0
BRDA:248,15,1,0
BRDA:254,16,0,0
BRDA:254,16,1,0
BRDA:260,17,0,0
BRDA:260,17,1,0
BRDA:266,18,0,0
BRDA:266,18,1,0
BRDA:308,19,0,1
BRDA:308,19,1,0
BRDA:326,20,0,1
BRDA:326,20,1,1
BRDA:330,21,0,1
BRDA:330,21,1,1
BRDA:349,22,0,1
BRDA:349,22,1,0
BRDA:367,23,0,1
BRDA:367,23,1,1
BRDA:371,24,0,1
BRDA:371,24,1,1
BRDA:392,25,0,1
BRDA:392,25,1,0
BRDA:410,26,0,1
BRDA:410,26,1,1
BRDA:417,27,0,1
BRDA:417,27,1,1
BRDA:438,28,0,1
BRDA:438,28,1,0
BRDA:456,29,0,1
BRDA:456,29,1,1
BRDA:460,30,0,1
BRDA:460,30,1,1
BRF:68
BRH:20
end_of_record
TN:
SF:/Users/ryanmartinez/Desktop/CS506/portal/client/src/components/pages/Profile/ProfileComponents/Files/Files.js
FN:21,(anonymous_0)
FN:42,Files
FN:54,(anonymous_2)
FN:60,(anonymous_3)
FN:66,(anonymous_4)
FN:70,(anonymous_5)
FN:74,(anonymous_6)
FNF:7
FNH:0
FNDA:0,(anonymous_0)
FNDA:0,Files
FNDA:0,(anonymous_2)
FNDA:0,(anonymous_3)
FNDA:0,(anonymous_4)
FNDA:0,(anonymous_5)
FNDA:0,(anonymous_6)
DA:13,1
DA:15,1
DA:21,1
DA:43,0
DA:44,0
DA:46,0
DA:49,0
DA:50,0
DA:51,0
DA:52,0
DA:54,0
DA:55,0
DA:56,0
DA:57,0
DA:59,0
DA:60,0
DA:61,0
DA:62,0
DA:66,0
DA:70,0
DA:71,0
DA:72,0
DA:74,0
DA:75,0
DA:76,0
DA:78,0
DA:79,0
DA:80,0
DA:83,0
DA:84,0
DA:88,0
LF:31
LH:3
BRDA:78,0,0,0
BRDA:78,0,1,0
BRF:2
BRH:0
end_of_record
TN:
SF:/Users/ryanmartinez/Desktop/CS506/portal/client/src/components/pages/Profile/ProfileComponents/NewPrescriptionsTable/NewPrescriptionsTable.js
FN:5,(anonymous_0)
FN:28,(anonymous_1)
FN:29,(anonymous_2)
FN:30,(anonymous_3)
FN:32,(anonymous_4)
FN:40,(anonymous_5)
FN:41,(anonymous_6)
FN:42,(anonymous_7)
FN:45,(anonymous_8)
FN:54,(anonymous_9)
FN:55,(anonymous_10)
FN:56,(anonymous_11)
FN:58,(anonymous_12)
FNF:13
FNH:0
FNDA:0,(anonymous_0)
FNDA:0,(anonymous_1)
FNDA:0,(anonymous_2)
FNDA:0,(anonymous_3)
FNDA:0,(anonymous_4)
FNDA:0,(anonymous_5)
FNDA:0,(anonymous_6)
FNDA:0,(anonymous_7)
FNDA:0,(anonymous_8)
FNDA:0,(anonymous_9)
FNDA:0,(anonymous_10)
FNDA:0,(anonymous_11)
FNDA:0,(anonymous_12)
DA:5,1
DA:6,0
DA:21,0
DA:29,0
DA:30,0
DA:31,0
DA:32,0
DA:33,0
DA:34,0
DA:35,0
DA:41,0
DA:42,0
DA:43,0
DA:44,0
DA:45,0
DA:46,0
DA:47,0
DA:48,0
DA:55,0
DA:56,0
DA:57,0
DA:58,0
DA:59,0
DA:60,0
DA:61,0
LF:25
LH:1
BRDA:44,0,0,0
BRDA:44,0,1,0
BRF:2
BRH:0
end_of_record
TN:
SF:/Users/ryanmartinez/Desktop/CS506/portal/client/src/components/pages/Profile/ProfileComponents/Prescriptions/Prescriptions.js
FN:24,createPrescription
FN:71,(anonymous_1)
FN:80,Prescriptions
FN:118,(anonymous_3)
FN:163,(anonymous_4)
FNF:5
FNH:1
FNDA:5,createPrescription
FNDA:0,(anonymous_1)
FNDA:0,Prescriptions
FNDA:0,(anonymous_3)
FNDA:0,(anonymous_4)
DA:25,5
DA:28,1
DA:71,1
DA:84,0
DA:86,0
DA:87,0
DA:119,0
DA:138,0
DA:139,0
DA:164,0
DA:184,1
LF:11
LH:4
BRDA:86,0,0,0
BRDA:86,0,1,0
BRDA:138,1,0,0
BRDA:138,1,1,0
BRF:4
BRH:0
end_of_record
TN:
SF:/Users/ryanmartinez/Desktop/CS506/portal/client/src/context/patient/PatientContext.js
FNF:0
FNH:0
DA:3,7
LF:1
LH:1
BRF:0
BRH:0
end_of_record
TN:
SF:/Users/ryanmartinez/Desktop/CS506/portal/client/src/context/patient/PatientState.js
FN:4,(anonymous_0)
FN:5,(anonymous_1)
FN:6,temp
FN:12,(anonymous_3)
FN:34,(anonymous_4)
FN:40,(anonymous_5)
FN:57,(anonymous_6)
FN:58,medical_history
FN:59,get_string
FN:69,(anonymous_9)
FN:77,(anonymous_10)
FN:98,(anonymous_11)
FN:113,(anonymous_12)
FN:119,(anonymous_13)
FN:134,(anonymous_14)
FN:140,(anonymous_15)
FN:154,(anonymous_16)
FNF:17
FNH:1
FNDA:1,(anonymous_0)
FNDA:0,(anonymous_1)
FNDA:0,temp
FNDA:0,(anonymous_3)
FNDA:0,(anonymous_4)
FNDA:0,(anonymous_5)
FNDA:0,(anonymous_6)
FNDA:0,medical_history
FNDA:0,get_string
FNDA:0,(anonymous_9)
FNDA:0,(anonymous_10)
FNDA:0,(anonymous_11)
FNDA:0,(anonymous_12)
FNDA:0,(anonymous_13)
FNDA:0,(anonymous_14)
FNDA:0,(anonymous_15)
FNDA:0,(anonymous_16)
DA:4,1
DA:5,1
DA:7,0
DA:8,0
DA:9,0
DA:13,0
DA:14,0
DA:15,0
DA:16,0
DA:17,0
DA:18,0
DA:21,0
DA:22,0
DA:23,0
DA:24,0
DA:25,0
DA:26,0
DA:28,0
DA:30,0
DA:31,0
DA:34,1
DA:35,0
DA:36,0
DA:37,0
DA:41,0
DA:42,0
DA:43,0
DA:44,0
DA:45,0
DA:48,0
DA:49,0
DA:50,0
DA:51,0
DA:52,0
DA:54,0
DA:57,1
DA:60,0
DA:61,0
DA:62,0
DA:64,0
DA:65,0
DA:66,0
DA:70,0
DA:71,0
DA:72,0
DA:74,0
DA:78,0
DA:79,0
DA:80,0
DA:82,0
DA:84,0
DA:85,0
DA:86,0
DA:87,0
DA:88,0
DA:89,0
DA:90,0
DA:91,0
DA:94,0
DA:95,0
DA:98,1
DA:107,0
DA:114,0
DA:119,1
DA:128,0
DA:135,0
DA:140,1
DA:148,0
DA:155,0
DA:160,1
LF:70
LH:8
BRF:0
BRH:0
end_of_record
